
2026/04/30 15:17:22 [32mD:/AI/StrideMoor/backend/pkg/database/database.go:37
[0m[33m[1.125ms] [34;1m[rows:-][0m SELECT DATABASE()

2026/04/30 15:17:22 [32mD:/AI/StrideMoor/backend/pkg/database/database.go:37
[0m[33m[3.337ms] [34;1m[rows:1][0m SELECT SCHEMA_NAME from Information_schema.SCHEMATA where SCHEMA_NAME LIKE 'stridemoor%' ORDER BY SCHEMA_NAME='stridemoor' DESC,SCHEMA_NAME limit 1

2026/04/30 15:17:22 [32mD:/AI/StrideMoor/backend/pkg/database/database.go:37
[0m[33m[2.740ms] [34;1m[rows:-][0m SELECT count(*) FROM information_schema.tables WHERE table_schema = 'stridemoor' AND table_name = 'users' AND table_type = 'BASE TABLE'

2026/04/30 15:17:22 [32mD:/AI/StrideMoor/backend/pkg/database/database.go:37
[0m[33m[1.080ms] [34;1m[rows:-][0m SELECT DATABASE()

2026/04/30 15:17:22 [32mD:/AI/StrideMoor/backend/pkg/database/database.go:37
[0m[33m[2.958ms] [34;1m[rows:1][0m SELECT SCHEMA_NAME from Information_schema.SCHEMATA where SCHEMA_NAME LIKE 'stridemoor%' ORDER BY SCHEMA_NAME='stridemoor' DESC,SCHEMA_NAME limit 1

2026/04/30 15:17:22 [32mD:/AI/StrideMoor/backend/pkg/database/database.go:37
[0m[33m[2.261ms] [34;1m[rows:-][0m SELECT * FROM `users` LIMIT 1

2026/04/30 15:17:22 [32mD:/AI/StrideMoor/backend/pkg/database/database.go:37
[0m[33m[3.781ms] [34;1m[rows:-][0m SELECT column_name, column_default, is_nullable = 'YES', data_type, character_maximum_length, column_type, column_key, extra, column_comment, numeric_precision, numeric_scale , datetime_precision FROM information_schema.columns WHERE table_schema = 'stridemoor' AND table_name = 'users' ORDER BY ORDINAL_POSITION

2026/04/30 15:17:22 [32m
[0m[33m[0.701ms] [34;1m[rows:-][0m SELECT DATABASE()

2026/04/30 15:17:22 [32m
[0m[33m[2.263ms] [34;1m[rows:1][0m SELECT SCHEMA_NAME from Information_schema.SCHEMATA where SCHEMA_NAME LIKE 'stridemoor%' ORDER BY SCHEMA_NAME='stridemoor' DESC,SCHEMA_NAME limit 1

2026/04/30 15:17:22 [32mD:/AI/StrideMoor/backend/pkg/database/database.go:37
[0m[33m[3.455ms] [34;1m[rows:3][0m 
SELECT
	TABLE_NAME,
	COLUMN_NAME,
	INDEX_NAME,
	NON_UNIQUE 
FROM
	information_schema.STATISTICS 
WHERE
	TABLE_SCHEMA = 'stridemoor' 
	AND TABLE_NAME = 'users' 
ORDER BY
	INDEX_NAME,
	SEQ_IN_INDEX

2026/04/30 15:17:22 [32m
[0m[33m[0.638ms] [34;1m[rows:-][0m SELECT DATABASE()

2026/04/30 15:17:22 [32m
[0m[33m[2.215ms] [34;1m[rows:1][0m SELECT SCHEMA_NAME from Information_schema.SCHEMATA where SCHEMA_NAME LIKE 'stridemoor%' ORDER BY SCHEMA_NAME='stridemoor' DESC,SCHEMA_NAME limit 1

2026/04/30 15:17:22 [32m
[0m[33m[2.790ms] [34;1m[rows:-][0m SELECT count(*) FROM INFORMATION_SCHEMA.table_constraints WHERE constraint_schema = 'stridemoor' AND table_name = 'users' AND constraint_name = 'uni_users_phone'

2026/04/30 15:17:22 [32m
[0m[33m[1.140ms] [34;1m[rows:-][0m SELECT DATABASE()

2026/04/30 15:17:22 [32m
[0m[33m[3.291ms] [34;1m[rows:1][0m SELECT SCHEMA_NAME from Information_schema.SCHEMATA where SCHEMA_NAME LIKE 'stridemoor%' ORDER BY SCHEMA_NAME='stridemoor' DESC,SCHEMA_NAME limit 1

2026/04/30 15:17:22 [32m
[0m[33m[2.889ms] [34;1m[rows:-][0m SELECT count(*) FROM information_schema.statistics WHERE table_schema = 'stridemoor' AND table_name = 'users' AND index_name = 'idx_phone'

2026/04/30 15:17:22 [32mD:/AI/StrideMoor/backend/pkg/database/database.go:37
[0m[33m[53.219ms] [34;1m[rows:0][0m ALTER TABLE `users` MODIFY COLUMN `total_distance` decimal(10,2) DEFAULT 0

2026/04/30 15:17:22 [32mD:/AI/StrideMoor/backend/pkg/database/database.go:37
[0m[33m[1.667ms] [34;1m[rows:-][0m SELECT DATABASE()

2026/04/30 15:17:22 [32mD:/AI/StrideMoor/backend/pkg/database/database.go:37
[0m[33m[2.735ms] [34;1m[rows:1][0m SELECT SCHEMA_NAME from Information_schema.SCHEMATA where SCHEMA_NAME LIKE 'stridemoor%' ORDER BY SCHEMA_NAME='stridemoor' DESC,SCHEMA_NAME limit 1

2026/04/30 15:17:22 [32mD:/AI/StrideMoor/backend/pkg/database/database.go:37
[0m[33m[3.689ms] [34;1m[rows:-][0m SELECT count(*) FROM information_schema.statistics WHERE table_schema = 'stridemoor' AND table_name = 'users' AND index_name = 'idx_phone'

2026/04/30 15:17:22 [32mD:/AI/StrideMoor/backend/pkg/database/database.go:37
[0m[33m[1.156ms] [34;1m[rows:-][0m SELECT DATABASE()

2026/04/30 15:17:22 [32mD:/AI/StrideMoor/backend/pkg/database/database.go:37
[0m[33m[3.441ms] [34;1m[rows:1][0m SELECT SCHEMA_NAME from Information_schema.SCHEMATA where SCHEMA_NAME LIKE 'stridemoor%' ORDER BY SCHEMA_NAME='stridemoor' DESC,SCHEMA_NAME limit 1

2026/04/30 15:17:22 [32mD:/AI/StrideMoor/backend/pkg/database/database.go:37
[0m[33m[3.541ms] [34;1m[rows:-][0m SELECT count(*) FROM information_schema.tables WHERE table_schema = 'stridemoor' AND table_name = 'routes' AND table_type = 'BASE TABLE'

2026/04/30 15:17:22 [32mD:/AI/StrideMoor/backend/pkg/database/database.go:37
[0m[33m[1.732ms] [34;1m[rows:-][0m SELECT DATABASE()

2026/04/30 15:17:22 [32mD:/AI/StrideMoor/backend/pkg/database/database.go:37
[0m[33m[3.988ms] [34;1m[rows:1][0m SELECT SCHEMA_NAME from Information_schema.SCHEMATA where SCHEMA_NAME LIKE 'stridemoor%' ORDER BY SCHEMA_NAME='stridemoor' DESC,SCHEMA_NAME limit 1

2026/04/30 15:17:22 [32mD:/AI/StrideMoor/backend/pkg/database/database.go:37
[0m[33m[5.204ms] [34;1m[rows:-][0m SELECT * FROM `routes` LIMIT 1

2026/04/30 15:17:22 [32mD:/AI/StrideMoor/backend/pkg/database/database.go:37
[0m[33m[4.035ms] [34;1m[rows:-][0m SELECT column_name, column_default, is_nullable = 'YES', data_type, character_maximum_length, column_type, column_key, extra, column_comment, numeric_precision, numeric_scale , datetime_precision FROM information_schema.columns WHERE table_schema = 'stridemoor' AND table_name = 'routes' ORDER BY ORDINAL_POSITION

2026/04/30 15:17:22 [32mD:/AI/StrideMoor/backend/pkg/database/database.go:37
[0m[33m[56.612ms] [34;1m[rows:0][0m ALTER TABLE `routes` MODIFY COLUMN `elevation_gain` decimal(10,2) DEFAULT 0

2026/04/30 15:17:22 [32mD:/AI/StrideMoor/backend/pkg/database/database.go:37
[0m[33m[57.075ms] [34;1m[rows:0][0m ALTER TABLE `routes` MODIFY COLUMN `elevation_loss` decimal(10,2) DEFAULT 0

2026/04/30 15:17:23 [32mD:/AI/StrideMoor/backend/pkg/database/database.go:37
[0m[33m[53.603ms] [34;1m[rows:0][0m ALTER TABLE `routes` MODIFY COLUMN `avg_stride` decimal(5,2) DEFAULT 0

2026/04/30 15:17:23 [32mD:/AI/StrideMoor/backend/pkg/database/database.go:37
[0m[33m[1.107ms] [34;1m[rows:-][0m SELECT DATABASE()

2026/04/30 15:17:23 [32mD:/AI/StrideMoor/backend/pkg/database/database.go:37
[0m[33m[2.760ms] [34;1m[rows:1][0m SELECT SCHEMA_NAME from Information_schema.SCHEMATA where SCHEMA_NAME LIKE 'stridemoor%' ORDER BY SCHEMA_NAME='stridemoor' DESC,SCHEMA_NAME limit 1

2026/04/30 15:17:23 [32mD:/AI/StrideMoor/backend/pkg/database/database.go:37
[0m[33m[3.509ms] [34;1m[rows:-][0m SELECT count(*) FROM INFORMATION_SCHEMA.table_constraints WHERE constraint_schema = 'stridemoor' AND table_name = 'routes' AND constraint_name = 'fk_users_routes'

2026/04/30 15:17:23 [32mD:/AI/StrideMoor/backend/pkg/database/database.go:37
[0m[33m[1.149ms] [34;1m[rows:-][0m SELECT DATABASE()

2026/04/30 15:17:23 [32mD:/AI/StrideMoor/backend/pkg/database/database.go:37
[0m[33m[3.875ms] [34;1m[rows:1][0m SELECT SCHEMA_NAME from Information_schema.SCHEMATA where SCHEMA_NAME LIKE 'stridemoor%' ORDER BY SCHEMA_NAME='stridemoor' DESC,SCHEMA_NAME limit 1

2026/04/30 15:17:23 [32mD:/AI/StrideMoor/backend/pkg/database/database.go:37
[0m[33m[2.857ms] [34;1m[rows:-][0m SELECT count(*) FROM information_schema.statistics WHERE table_schema = 'stridemoor' AND table_name = 'routes' AND index_name = 'idx_creator'

2026/04/30 15:17:23 [32mD:/AI/StrideMoor/backend/pkg/database/database.go:37
[0m[33m[1.130ms] [34;1m[rows:-][0m SELECT DATABASE()

2026/04/30 15:17:23 [32mD:/AI/StrideMoor/backend/pkg/database/database.go:37
[0m[33m[2.906ms] [34;1m[rows:1][0m SELECT SCHEMA_NAME from Information_schema.SCHEMATA where SCHEMA_NAME LIKE 'stridemoor%' ORDER BY SCHEMA_NAME='stridemoor' DESC,SCHEMA_NAME limit 1

2026/04/30 15:17:23 [32mD:/AI/StrideMoor/backend/pkg/database/database.go:37
[0m[33m[2.841ms] [34;1m[rows:-][0m SELECT count(*) FROM information_schema.statistics WHERE table_schema = 'stridemoor' AND table_name = 'routes' AND index_name = 'idx_city'

2026/04/30 15:17:23 [32mD:/AI/StrideMoor/backend/pkg/database/database.go:37
[0m[33m[0.547ms] [34;1m[rows:-][0m SELECT DATABASE()

2026/04/30 15:17:23 [32mD:/AI/StrideMoor/backend/pkg/database/database.go:37
[0m[33m[3.289ms] [34;1m[rows:1][0m SELECT SCHEMA_NAME from Information_schema.SCHEMATA where SCHEMA_NAME LIKE 'stridemoor%' ORDER BY SCHEMA_NAME='stridemoor' DESC,SCHEMA_NAME limit 1

2026/04/30 15:17:23 [32mD:/AI/StrideMoor/backend/pkg/database/database.go:37
[0m[33m[3.320ms] [34;1m[rows:-][0m SELECT count(*) FROM information_schema.tables WHERE table_schema = 'stridemoor' AND table_name = 'route_points' AND table_type = 'BASE TABLE'

2026/04/30 15:17:23 [32mD:/AI/StrideMoor/backend/pkg/database/database.go:37
[0m[33m[0.993ms] [34;1m[rows:-][0m SELECT DATABASE()

2026/04/30 15:17:23 [32mD:/AI/StrideMoor/backend/pkg/database/database.go:37
[0m[33m[2.965ms] [34;1m[rows:1][0m SELECT SCHEMA_NAME from Information_schema.SCHEMATA where SCHEMA_NAME LIKE 'stridemoor%' ORDER BY SCHEMA_NAME='stridemoor' DESC,SCHEMA_NAME limit 1

2026/04/30 15:17:23 [32mD:/AI/StrideMoor/backend/pkg/database/database.go:37
[0m[33m[3.857ms] [34;1m[rows:-][0m SELECT * FROM `route_points` LIMIT 1

2026/04/30 15:17:23 [32mD:/AI/StrideMoor/backend/pkg/database/database.go:37
[0m[33m[3.715ms] [34;1m[rows:-][0m SELECT column_name, column_default, is_nullable = 'YES', data_type, character_maximum_length, column_type, column_key, extra, column_comment, numeric_precision, numeric_scale , datetime_precision FROM information_schema.columns WHERE table_schema = 'stridemoor' AND table_name = 'route_points' ORDER BY ORDINAL_POSITION

2026/04/30 15:17:23 [32mD:/AI/StrideMoor/backend/pkg/database/database.go:37
[0m[33m[1.684ms] [34;1m[rows:-][0m SELECT DATABASE()

2026/04/30 15:17:23 [32mD:/AI/StrideMoor/backend/pkg/database/database.go:37
[0m[33m[2.936ms] [34;1m[rows:1][0m SELECT SCHEMA_NAME from Information_schema.SCHEMATA where SCHEMA_NAME LIKE 'stridemoor%' ORDER BY SCHEMA_NAME='stridemoor' DESC,SCHEMA_NAME limit 1

2026/04/30 15:17:23 [32mD:/AI/StrideMoor/backend/pkg/database/database.go:37
[0m[33m[3.345ms] [34;1m[rows:-][0m SELECT count(*) FROM INFORMATION_SCHEMA.table_constraints WHERE constraint_schema = 'stridemoor' AND table_name = 'route_points' AND constraint_name = 'fk_routes_points'

2026/04/30 15:17:23 [32mD:/AI/StrideMoor/backend/pkg/database/database.go:37
[0m[33m[1.269ms] [34;1m[rows:-][0m SELECT DATABASE()

2026/04/30 15:17:23 [32mD:/AI/StrideMoor/backend/pkg/database/database.go:37
[0m[33m[2.739ms] [34;1m[rows:1][0m SELECT SCHEMA_NAME from Information_schema.SCHEMATA where SCHEMA_NAME LIKE 'stridemoor%' ORDER BY SCHEMA_NAME='stridemoor' DESC,SCHEMA_NAME limit 1

2026/04/30 15:17:23 [32mD:/AI/StrideMoor/backend/pkg/database/database.go:37
[0m[33m[2.800ms] [34;1m[rows:-][0m SELECT count(*) FROM information_schema.tables WHERE table_schema = 'stridemoor' AND table_name = 'runs' AND table_type = 'BASE TABLE'

2026/04/30 15:17:23 [32mD:/AI/StrideMoor/backend/pkg/database/database.go:37
[0m[33m[0.603ms] [34;1m[rows:-][0m SELECT DATABASE()

2026/04/30 15:17:23 [32mD:/AI/StrideMoor/backend/pkg/database/database.go:37
[0m[33m[2.370ms] [34;1m[rows:1][0m SELECT SCHEMA_NAME from Information_schema.SCHEMATA where SCHEMA_NAME LIKE 'stridemoor%' ORDER BY SCHEMA_NAME='stridemoor' DESC,SCHEMA_NAME limit 1

2026/04/30 15:17:23 [32mD:/AI/StrideMoor/backend/pkg/database/database.go:37
[0m[33m[3.869ms] [34;1m[rows:-][0m SELECT * FROM `runs` LIMIT 1

2026/04/30 15:17:23 [32mD:/AI/StrideMoor/backend/pkg/database/database.go:37
[0m[33m[3.817ms] [34;1m[rows:-][0m SELECT column_name, column_default, is_nullable = 'YES', data_type, character_maximum_length, column_type, column_key, extra, column_comment, numeric_precision, numeric_scale , datetime_precision FROM information_schema.columns WHERE table_schema = 'stridemoor' AND table_name = 'runs' ORDER BY ORDINAL_POSITION

2026/04/30 15:17:23 [32mD:/AI/StrideMoor/backend/pkg/database/database.go:37
[0m[33m[50.147ms] [34;1m[rows:0][0m ALTER TABLE `runs` MODIFY COLUMN `elevation_gain` decimal(10,2) DEFAULT 0

2026/04/30 15:17:23 [32mD:/AI/StrideMoor/backend/pkg/database/database.go:37
[0m[33m[65.668ms] [34;1m[rows:0][0m ALTER TABLE `runs` MODIFY COLUMN `elevation_loss` decimal(10,2) DEFAULT 0

2026/04/30 15:17:23 [32mD:/AI/StrideMoor/backend/pkg/database/database.go:37
[0m[33m[1.689ms] [34;1m[rows:-][0m SELECT DATABASE()

2026/04/30 15:17:23 [32mD:/AI/StrideMoor/backend/pkg/database/database.go:37
[0m[33m[3.416ms] [34;1m[rows:1][0m SELECT SCHEMA_NAME from Information_schema.SCHEMATA where SCHEMA_NAME LIKE 'stridemoor%' ORDER BY SCHEMA_NAME='stridemoor' DESC,SCHEMA_NAME limit 1

2026/04/30 15:17:23 [32mD:/AI/StrideMoor/backend/pkg/database/database.go:37
[0m[33m[4.000ms] [34;1m[rows:-][0m SELECT count(*) FROM INFORMATION_SCHEMA.table_constraints WHERE constraint_schema = 'stridemoor' AND table_name = 'runs' AND constraint_name = 'fk_routes_runs'

2026/04/30 15:17:23 [32mD:/AI/StrideMoor/backend/pkg/database/database.go:37
[0m[33m[0.608ms] [34;1m[rows:-][0m SELECT DATABASE()

2026/04/30 15:17:23 [32mD:/AI/StrideMoor/backend/pkg/database/database.go:37
[0m[33m[2.226ms] [34;1m[rows:1][0m SELECT SCHEMA_NAME from Information_schema.SCHEMATA where SCHEMA_NAME LIKE 'stridemoor%' ORDER BY SCHEMA_NAME='stridemoor' DESC,SCHEMA_NAME limit 1

2026/04/30 15:17:23 [32mD:/AI/StrideMoor/backend/pkg/database/database.go:37
[0m[33m[3.238ms] [34;1m[rows:-][0m SELECT count(*) FROM INFORMATION_SCHEMA.table_constraints WHERE constraint_schema = 'stridemoor' AND table_name = 'runs' AND constraint_name = 'fk_users_runs'

2026/04/30 15:17:23 [32mD:/AI/StrideMoor/backend/pkg/database/database.go:37
[0m[33m[1.277ms] [34;1m[rows:-][0m SELECT DATABASE()

2026/04/30 15:17:23 [32mD:/AI/StrideMoor/backend/pkg/database/database.go:37
[0m[33m[3.980ms] [34;1m[rows:1][0m SELECT SCHEMA_NAME from Information_schema.SCHEMATA where SCHEMA_NAME LIKE 'stridemoor%' ORDER BY SCHEMA_NAME='stridemoor' DESC,SCHEMA_NAME limit 1

2026/04/30 15:17:23 [32mD:/AI/StrideMoor/backend/pkg/database/database.go:37
[0m[33m[3.397ms] [34;1m[rows:-][0m SELECT count(*) FROM information_schema.statistics WHERE table_schema = 'stridemoor' AND table_name = 'runs' AND index_name = 'idx_user'

2026/04/30 15:17:23 [32mD:/AI/StrideMoor/backend/pkg/database/database.go:37
[0m[33m[1.199ms] [34;1m[rows:-][0m SELECT DATABASE()

2026/04/30 15:17:23 [32mD:/AI/StrideMoor/backend/pkg/database/database.go:37
[0m[33m[3.976ms] [34;1m[rows:1][0m SELECT SCHEMA_NAME from Information_schema.SCHEMATA where SCHEMA_NAME LIKE 'stridemoor%' ORDER BY SCHEMA_NAME='stridemoor' DESC,SCHEMA_NAME limit 1

2026/04/30 15:17:23 [32mD:/AI/StrideMoor/backend/pkg/database/database.go:37
[0m[33m[2.803ms] [34;1m[rows:-][0m SELECT count(*) FROM information_schema.statistics WHERE table_schema = 'stridemoor' AND table_name = 'runs' AND index_name = 'idx_route'

2026/04/30 15:17:23 [32mD:/AI/StrideMoor/backend/pkg/database/database.go:37
[0m[33m[1.143ms] [34;1m[rows:-][0m SELECT DATABASE()

2026/04/30 15:17:23 [32mD:/AI/StrideMoor/backend/pkg/database/database.go:37
[0m[33m[2.184ms] [34;1m[rows:1][0m SELECT SCHEMA_NAME from Information_schema.SCHEMATA where SCHEMA_NAME LIKE 'stridemoor%' ORDER BY SCHEMA_NAME='stridemoor' DESC,SCHEMA_NAME limit 1

2026/04/30 15:17:23 [32mD:/AI/StrideMoor/backend/pkg/database/database.go:37
[0m[33m[2.821ms] [34;1m[rows:-][0m SELECT count(*) FROM information_schema.statistics WHERE table_schema = 'stridemoor' AND table_name = 'runs' AND index_name = 'idx_start_time'

2026/04/30 15:17:23 [32mD:/AI/StrideMoor/backend/pkg/database/database.go:37
[0m[33m[0.542ms] [34;1m[rows:-][0m SELECT DATABASE()

2026/04/30 15:17:23 [32mD:/AI/StrideMoor/backend/pkg/database/database.go:37
[0m[33m[2.177ms] [34;1m[rows:1][0m SELECT SCHEMA_NAME from Information_schema.SCHEMATA where SCHEMA_NAME LIKE 'stridemoor%' ORDER BY SCHEMA_NAME='stridemoor' DESC,SCHEMA_NAME limit 1

2026/04/30 15:17:23 [32mD:/AI/StrideMoor/backend/pkg/database/database.go:37
[0m[33m[3.627ms] [34;1m[rows:-][0m SELECT count(*) FROM information_schema.tables WHERE table_schema = 'stridemoor' AND table_name = 'run_splits' AND table_type = 'BASE TABLE'

2026/04/30 15:17:23 [32mD:/AI/StrideMoor/backend/pkg/database/database.go:37
[0m[33m[0.543ms] [34;1m[rows:-][0m SELECT DATABASE()

2026/04/30 15:17:23 [32mD:/AI/StrideMoor/backend/pkg/database/database.go:37
[0m[33m[2.845ms] [34;1m[rows:1][0m SELECT SCHEMA_NAME from Information_schema.SCHEMATA where SCHEMA_NAME LIKE 'stridemoor%' ORDER BY SCHEMA_NAME='stridemoor' DESC,SCHEMA_NAME limit 1

2026/04/30 15:17:23 [32mD:/AI/StrideMoor/backend/pkg/database/database.go:37
[0m[33m[2.908ms] [34;1m[rows:-][0m SELECT * FROM `run_splits` LIMIT 1

2026/04/30 15:17:23 [32mD:/AI/StrideMoor/backend/pkg/database/database.go:37
[0m[33m[2.845ms] [34;1m[rows:-][0m SELECT column_name, column_default, is_nullable = 'YES', data_type, character_maximum_length, column_type, column_key, extra, column_comment, numeric_precision, numeric_scale , datetime_precision FROM information_schema.columns WHERE table_schema = 'stridemoor' AND table_name = 'run_splits' ORDER BY ORDINAL_POSITION

2026/04/30 15:17:23 [32mD:/AI/StrideMoor/backend/pkg/database/database.go:37
[0m[33m[55.356ms] [34;1m[rows:0][0m ALTER TABLE `run_splits` MODIFY COLUMN `elevation_gain` decimal(10,2) DEFAULT 0

2026/04/30 15:17:23 [32mD:/AI/StrideMoor/backend/pkg/database/database.go:37
[0m[33m[56.223ms] [34;1m[rows:0][0m ALTER TABLE `run_splits` MODIFY COLUMN `elevation_loss` decimal(10,2) DEFAULT 0

2026/04/30 15:17:23 [32mD:/AI/StrideMoor/backend/pkg/database/database.go:37
[0m[33m[0.999ms] [34;1m[rows:-][0m SELECT DATABASE()

2026/04/30 15:17:23 [32mD:/AI/StrideMoor/backend/pkg/database/database.go:37
[0m[33m[4.000ms] [34;1m[rows:1][0m SELECT SCHEMA_NAME from Information_schema.SCHEMATA where SCHEMA_NAME LIKE 'stridemoor%' ORDER BY SCHEMA_NAME='stridemoor' DESC,SCHEMA_NAME limit 1

2026/04/30 15:17:23 [32mD:/AI/StrideMoor/backend/pkg/database/database.go:37
[0m[33m[4.001ms] [34;1m[rows:-][0m SELECT count(*) FROM INFORMATION_SCHEMA.table_constraints WHERE constraint_schema = 'stridemoor' AND table_name = 'run_splits' AND constraint_name = 'fk_runs_splits'

2026/04/30 15:17:23 [32mD:/AI/StrideMoor/backend/pkg/database/database.go:37
[0m[33m[0.999ms] [34;1m[rows:-][0m SELECT DATABASE()

2026/04/30 15:17:23 [32mD:/AI/StrideMoor/backend/pkg/database/database.go:37
[0m[33m[4.003ms] [34;1m[rows:1][0m SELECT SCHEMA_NAME from Information_schema.SCHEMATA where SCHEMA_NAME LIKE 'stridemoor%' ORDER BY SCHEMA_NAME='stridemoor' DESC,SCHEMA_NAME limit 1

2026/04/30 15:17:23 [32mD:/AI/StrideMoor/backend/pkg/database/database.go:37
[0m[33m[12.129ms] [34;1m[rows:-][0m SELECT count(*) FROM information_schema.statistics WHERE table_schema = 'stridemoor' AND table_name = 'run_splits' AND index_name = 'uk_run_split'

2026/04/30 15:17:23 [32mD:/AI/StrideMoor/backend/pkg/database/database.go:37
[0m[33m[2.903ms] [34;1m[rows:-][0m SELECT DATABASE()

2026/04/30 15:17:23 [32mD:/AI/StrideMoor/backend/pkg/database/database.go:37
[0m[33m[2.814ms] [34;1m[rows:1][0m SELECT SCHEMA_NAME from Information_schema.SCHEMATA where SCHEMA_NAME LIKE 'stridemoor%' ORDER BY SCHEMA_NAME='stridemoor' DESC,SCHEMA_NAME limit 1

2026/04/30 15:17:23 [32mD:/AI/StrideMoor/backend/pkg/database/database.go:37
[0m[33m[4.726ms] [34;1m[rows:-][0m SELECT count(*) FROM information_schema.statistics WHERE table_schema = 'stridemoor' AND table_name = 'run_splits' AND index_name = 'idx_run'

2026/04/30 15:17:23 [32mD:/AI/StrideMoor/backend/pkg/database/database.go:37
[0m[33m[2.001ms] [34;1m[rows:-][0m SELECT DATABASE()

2026/04/30 15:17:23 [32mD:/AI/StrideMoor/backend/pkg/database/database.go:37
[0m[33m[2.001ms] [34;1m[rows:1][0m SELECT SCHEMA_NAME from Information_schema.SCHEMATA where SCHEMA_NAME LIKE 'stridemoor%' ORDER BY SCHEMA_NAME='stridemoor' DESC,SCHEMA_NAME limit 1

2026/04/30 15:17:23 [32mD:/AI/StrideMoor/backend/pkg/database/database.go:37
[0m[33m[2.998ms] [34;1m[rows:-][0m SELECT count(*) FROM information_schema.tables WHERE table_schema = 'stridemoor' AND table_name = 'run_samples' AND table_type = 'BASE TABLE'

2026/04/30 15:17:23 [32mD:/AI/StrideMoor/backend/pkg/database/database.go:37
[0m[33m[1.001ms] [34;1m[rows:-][0m SELECT DATABASE()

2026/04/30 15:17:23 [32mD:/AI/StrideMoor/backend/pkg/database/database.go:37
[0m[33m[2.000ms] [34;1m[rows:1][0m SELECT SCHEMA_NAME from Information_schema.SCHEMATA where SCHEMA_NAME LIKE 'stridemoor%' ORDER BY SCHEMA_NAME='stridemoor' DESC,SCHEMA_NAME limit 1

2026/04/30 15:17:23 [32mD:/AI/StrideMoor/backend/pkg/database/database.go:37
[0m[33m[2.999ms] [34;1m[rows:-][0m SELECT * FROM `run_samples` LIMIT 1

2026/04/30 15:17:23 [32mD:/AI/StrideMoor/backend/pkg/database/database.go:37
[0m[33m[6.000ms] [34;1m[rows:-][0m SELECT column_name, column_default, is_nullable = 'YES', data_type, character_maximum_length, column_type, column_key, extra, column_comment, numeric_precision, numeric_scale , datetime_precision FROM information_schema.columns WHERE table_schema = 'stridemoor' AND table_name = 'run_samples' ORDER BY ORDINAL_POSITION

2026/04/30 15:17:23 [32mD:/AI/StrideMoor/backend/pkg/database/database.go:37
[0m[33m[47.658ms] [34;1m[rows:0][0m ALTER TABLE `run_samples` MODIFY COLUMN `distance_from_start` decimal(10,2) DEFAULT 0

2026/04/30 15:17:23 [32mD:/AI/StrideMoor/backend/pkg/database/database.go:37
[0m[33m[1.289ms] [34;1m[rows:-][0m SELECT DATABASE()

2026/04/30 15:17:23 [32mD:/AI/StrideMoor/backend/pkg/database/database.go:37
[0m[33m[2.816ms] [34;1m[rows:1][0m SELECT SCHEMA_NAME from Information_schema.SCHEMATA where SCHEMA_NAME LIKE 'stridemoor%' ORDER BY SCHEMA_NAME='stridemoor' DESC,SCHEMA_NAME limit 1

2026/04/30 15:17:23 [32mD:/AI/StrideMoor/backend/pkg/database/database.go:37
[0m[33m[3.653ms] [34;1m[rows:-][0m SELECT count(*) FROM information_schema.tables WHERE table_schema = 'stridemoor' AND table_name = 'route_favorites' AND table_type = 'BASE TABLE'

2026/04/30 15:17:23 [32mD:/AI/StrideMoor/backend/pkg/database/database.go:37
[0m[33m[1.084ms] [34;1m[rows:-][0m SELECT DATABASE()

2026/04/30 15:17:23 [32mD:/AI/StrideMoor/backend/pkg/database/database.go:37
[0m[33m[2.199ms] [34;1m[rows:1][0m SELECT SCHEMA_NAME from Information_schema.SCHEMATA where SCHEMA_NAME LIKE 'stridemoor%' ORDER BY SCHEMA_NAME='stridemoor' DESC,SCHEMA_NAME limit 1

2026/04/30 15:17:23 [32mD:/AI/StrideMoor/backend/pkg/database/database.go:37
[0m[33m[3.309ms] [34;1m[rows:-][0m SELECT * FROM `route_favorites` LIMIT 1

2026/04/30 15:17:23 [32mD:/AI/StrideMoor/backend/pkg/database/database.go:37
[0m[33m[3.006ms] [34;1m[rows:-][0m SELECT column_name, column_default, is_nullable = 'YES', data_type, character_maximum_length, column_type, column_key, extra, column_comment, numeric_precision, numeric_scale , datetime_precision FROM information_schema.columns WHERE table_schema = 'stridemoor' AND table_name = 'route_favorites' ORDER BY ORDINAL_POSITION

2026/04/30 15:17:23 [32mD:/AI/StrideMoor/backend/pkg/database/database.go:37
[0m[33m[1.258ms] [34;1m[rows:-][0m SELECT DATABASE()

2026/04/30 15:17:23 [32mD:/AI/StrideMoor/backend/pkg/database/database.go:37
[0m[33m[2.235ms] [34;1m[rows:1][0m SELECT SCHEMA_NAME from Information_schema.SCHEMATA where SCHEMA_NAME LIKE 'stridemoor%' ORDER BY SCHEMA_NAME='stridemoor' DESC,SCHEMA_NAME limit 1

2026/04/30 15:17:23 [32mD:/AI/StrideMoor/backend/pkg/database/database.go:37
[0m[33m[2.721ms] [34;1m[rows:-][0m SELECT count(*) FROM INFORMATION_SCHEMA.table_constraints WHERE constraint_schema = 'stridemoor' AND table_name = 'route_favorites' AND constraint_name = 'fk_routes_favorites'

2026/04/30 15:17:23 [32mD:/AI/StrideMoor/backend/pkg/database/database.go:37
[0m[33m[0.598ms] [34;1m[rows:-][0m SELECT DATABASE()

2026/04/30 15:17:23 [32mD:/AI/StrideMoor/backend/pkg/database/database.go:37
[0m[33m[2.723ms] [34;1m[rows:1][0m SELECT SCHEMA_NAME from Information_schema.SCHEMATA where SCHEMA_NAME LIKE 'stridemoor%' ORDER BY SCHEMA_NAME='stridemoor' DESC,SCHEMA_NAME limit 1

2026/04/30 15:17:23 [32mD:/AI/StrideMoor/backend/pkg/database/database.go:37
[0m[33m[2.879ms] [34;1m[rows:-][0m SELECT count(*) FROM INFORMATION_SCHEMA.table_constraints WHERE constraint_schema = 'stridemoor' AND table_name = 'route_favorites' AND constraint_name = 'fk_users_favorites'

2026/04/30 15:17:23 [32mD:/AI/StrideMoor/backend/pkg/database/database.go:37
[0m[33m[1.715ms] [34;1m[rows:-][0m SELECT DATABASE()

2026/04/30 15:17:23 [32mD:/AI/StrideMoor/backend/pkg/database/database.go:37
[0m[33m[3.169ms] [34;1m[rows:1][0m SELECT SCHEMA_NAME from Information_schema.SCHEMATA where SCHEMA_NAME LIKE 'stridemoor%' ORDER BY SCHEMA_NAME='stridemoor' DESC,SCHEMA_NAME limit 1

2026/04/30 15:17:23 [32mD:/AI/StrideMoor/backend/pkg/database/database.go:37
[0m[33m[2.719ms] [34;1m[rows:-][0m SELECT count(*) FROM information_schema.statistics WHERE table_schema = 'stridemoor' AND table_name = 'route_favorites' AND index_name = 'uk_user_route'

2026/04/30 15:17:23 [32mD:/AI/StrideMoor/backend/pkg/database/database.go:37
[0m[33m[1.103ms] [34;1m[rows:-][0m SELECT DATABASE()

2026/04/30 15:17:23 [32mD:/AI/StrideMoor/backend/pkg/database/database.go:37
[0m[33m[2.771ms] [34;1m[rows:1][0m SELECT SCHEMA_NAME from Information_schema.SCHEMATA where SCHEMA_NAME LIKE 'stridemoor%' ORDER BY SCHEMA_NAME='stridemoor' DESC,SCHEMA_NAME limit 1

2026/04/30 15:17:23 [32mD:/AI/StrideMoor/backend/pkg/database/database.go:37
[0m[33m[2.999ms] [34;1m[rows:-][0m SELECT count(*) FROM information_schema.statistics WHERE table_schema = 'stridemoor' AND table_name = 'route_favorites' AND index_name = 'idx_user'

2026/04/30 15:17:23 [32mD:/AI/StrideMoor/backend/pkg/database/database.go:37
[0m[33m[0.546ms] [34;1m[rows:-][0m SELECT DATABASE()

2026/04/30 15:17:23 [32mD:/AI/StrideMoor/backend/pkg/database/database.go:37
[0m[33m[2.200ms] [34;1m[rows:1][0m SELECT SCHEMA_NAME from Information_schema.SCHEMATA where SCHEMA_NAME LIKE 'stridemoor%' ORDER BY SCHEMA_NAME='stridemoor' DESC,SCHEMA_NAME limit 1

2026/04/30 15:17:23 [32mD:/AI/StrideMoor/backend/pkg/database/database.go:37
[0m[33m[2.774ms] [34;1m[rows:-][0m SELECT count(*) FROM information_schema.statistics WHERE table_schema = 'stridemoor' AND table_name = 'route_favorites' AND index_name = 'idx_route'

2026/04/30 15:17:23 [32mD:/AI/StrideMoor/backend/pkg/database/database.go:37
[0m[33m[1.194ms] [34;1m[rows:-][0m SELECT DATABASE()

2026/04/30 15:17:23 [32mD:/AI/StrideMoor/backend/pkg/database/database.go:37
[0m[33m[2.227ms] [34;1m[rows:1][0m SELECT SCHEMA_NAME from Information_schema.SCHEMATA where SCHEMA_NAME LIKE 'stridemoor%' ORDER BY SCHEMA_NAME='stridemoor' DESC,SCHEMA_NAME limit 1

2026/04/30 15:17:23 [32mD:/AI/StrideMoor/backend/pkg/database/database.go:37
[0m[33m[2.724ms] [34;1m[rows:-][0m SELECT count(*) FROM information_schema.tables WHERE table_schema = 'stridemoor' AND table_name = 'follows' AND table_type = 'BASE TABLE'

2026/04/30 15:17:23 [32mD:/AI/StrideMoor/backend/pkg/database/database.go:37
[0m[33m[1.013ms] [34;1m[rows:-][0m SELECT DATABASE()

2026/04/30 15:17:23 [32mD:/AI/StrideMoor/backend/pkg/database/database.go:37
[0m[33m[2.002ms] [34;1m[rows:1][0m SELECT SCHEMA_NAME from Information_schema.SCHEMATA where SCHEMA_NAME LIKE 'stridemoor%' ORDER BY SCHEMA_NAME='stridemoor' DESC,SCHEMA_NAME limit 1

2026/04/30 15:17:23 [32mD:/AI/StrideMoor/backend/pkg/database/database.go:37
[0m[33m[1.000ms] [34;1m[rows:-][0m SELECT * FROM `follows` LIMIT 1

2026/04/30 15:17:23 [32mD:/AI/StrideMoor/backend/pkg/database/database.go:37
[0m[33m[1.999ms] [34;1m[rows:-][0m SELECT column_name, column_default, is_nullable = 'YES', data_type, character_maximum_length, column_type, column_key, extra, column_comment, numeric_precision, numeric_scale , datetime_precision FROM information_schema.columns WHERE table_schema = 'stridemoor' AND table_name = 'follows' ORDER BY ORDINAL_POSITION

2026/04/30 15:17:23 [32mD:/AI/StrideMoor/backend/pkg/database/database.go:37
[0m[33m[1.000ms] [34;1m[rows:-][0m SELECT DATABASE()

2026/04/30 15:17:23 [32mD:/AI/StrideMoor/backend/pkg/database/database.go:37
[0m[33m[2.000ms] [34;1m[rows:1][0m SELECT SCHEMA_NAME from Information_schema.SCHEMATA where SCHEMA_NAME LIKE 'stridemoor%' ORDER BY SCHEMA_NAME='stridemoor' DESC,SCHEMA_NAME limit 1

2026/04/30 15:17:23 [32mD:/AI/StrideMoor/backend/pkg/database/database.go:37
[0m[33m[2.000ms] [34;1m[rows:-][0m SELECT count(*) FROM information_schema.statistics WHERE table_schema = 'stridemoor' AND table_name = 'follows' AND index_name = 'idx_follower'

2026/04/30 15:17:23 [32mD:/AI/StrideMoor/backend/pkg/database/database.go:37
[0m[33m[1.003ms] [34;1m[rows:-][0m SELECT DATABASE()

2026/04/30 15:17:23 [32mD:/AI/StrideMoor/backend/pkg/database/database.go:37
[0m[33m[2.997ms] [34;1m[rows:1][0m SELECT SCHEMA_NAME from Information_schema.SCHEMATA where SCHEMA_NAME LIKE 'stridemoor%' ORDER BY SCHEMA_NAME='stridemoor' DESC,SCHEMA_NAME limit 1

2026/04/30 15:17:23 [32mD:/AI/StrideMoor/backend/pkg/database/database.go:37
[0m[33m[2.000ms] [34;1m[rows:-][0m SELECT count(*) FROM information_schema.statistics WHERE table_schema = 'stridemoor' AND table_name = 'follows' AND index_name = 'idx_following'

2026/04/30 15:17:23 [32mD:/AI/StrideMoor/backend/pkg/database/database.go:37
[0m[33m[0.000ms] [34;1m[rows:-][0m SELECT DATABASE()

2026/04/30 15:17:23 [32mD:/AI/StrideMoor/backend/pkg/database/database.go:37
[0m[33m[2.000ms] [34;1m[rows:1][0m SELECT SCHEMA_NAME from Information_schema.SCHEMATA where SCHEMA_NAME LIKE 'stridemoor%' ORDER BY SCHEMA_NAME='stridemoor' DESC,SCHEMA_NAME limit 1

2026/04/30 15:17:23 [32mD:/AI/StrideMoor/backend/pkg/database/database.go:37
[0m[33m[2.001ms] [34;1m[rows:-][0m SELECT count(*) FROM information_schema.tables WHERE table_schema = 'stridemoor' AND table_name = 'challenges' AND table_type = 'BASE TABLE'

2026/04/30 15:17:23 [32mD:/AI/StrideMoor/backend/pkg/database/database.go:37
[0m[33m[0.000ms] [34;1m[rows:-][0m SELECT DATABASE()

2026/04/30 15:17:23 [32mD:/AI/StrideMoor/backend/pkg/database/database.go:37
[0m[33m[1.999ms] [34;1m[rows:1][0m SELECT SCHEMA_NAME from Information_schema.SCHEMATA where SCHEMA_NAME LIKE 'stridemoor%' ORDER BY SCHEMA_NAME='stridemoor' DESC,SCHEMA_NAME limit 1

2026/04/30 15:17:23 [32mD:/AI/StrideMoor/backend/pkg/database/database.go:37
[0m[33m[4.009ms] [34;1m[rows:-][0m SELECT * FROM `challenges` LIMIT 1

2026/04/30 15:17:23 [32mD:/AI/StrideMoor/backend/pkg/database/database.go:37
[0m[33m[2.000ms] [34;1m[rows:-][0m SELECT column_name, column_default, is_nullable = 'YES', data_type, character_maximum_length, column_type, column_key, extra, column_comment, numeric_precision, numeric_scale , datetime_precision FROM information_schema.columns WHERE table_schema = 'stridemoor' AND table_name = 'challenges' ORDER BY ORDINAL_POSITION

2026/04/30 15:17:23 [32mD:/AI/StrideMoor/backend/pkg/database/database.go:37
[0m[33m[1.000ms] [34;1m[rows:-][0m SELECT DATABASE()

2026/04/30 15:17:23 [32mD:/AI/StrideMoor/backend/pkg/database/database.go:37
[0m[33m[2.002ms] [34;1m[rows:1][0m SELECT SCHEMA_NAME from Information_schema.SCHEMATA where SCHEMA_NAME LIKE 'stridemoor%' ORDER BY SCHEMA_NAME='stridemoor' DESC,SCHEMA_NAME limit 1

2026/04/30 15:17:23 [32mD:/AI/StrideMoor/backend/pkg/database/database.go:37
[0m[33m[2.999ms] [34;1m[rows:-][0m SELECT count(*) FROM INFORMATION_SCHEMA.table_constraints WHERE constraint_schema = 'stridemoor' AND table_name = 'challenges' AND constraint_name = 'fk_challenges_challenger'

2026/04/30 15:17:23 [32mD:/AI/StrideMoor/backend/pkg/database/database.go:37
[0m[33m[1.000ms] [34;1m[rows:-][0m SELECT DATABASE()

2026/04/30 15:17:23 [32mD:/AI/StrideMoor/backend/pkg/database/database.go:37
[0m[33m[2.002ms] [34;1m[rows:1][0m SELECT SCHEMA_NAME from Information_schema.SCHEMATA where SCHEMA_NAME LIKE 'stridemoor%' ORDER BY SCHEMA_NAME='stridemoor' DESC,SCHEMA_NAME limit 1

2026/04/30 15:17:23 [32mD:/AI/StrideMoor/backend/pkg/database/database.go:37
[0m[33m[2.001ms] [34;1m[rows:-][0m SELECT count(*) FROM INFORMATION_SCHEMA.table_constraints WHERE constraint_schema = 'stridemoor' AND table_name = 'challenges' AND constraint_name = 'fk_challenges_invitee'

2026/04/30 15:17:23 [32mD:/AI/StrideMoor/backend/pkg/database/database.go:37
[0m[33m[1.003ms] [34;1m[rows:-][0m SELECT DATABASE()

2026/04/30 15:17:23 [32mD:/AI/StrideMoor/backend/pkg/database/database.go:37
[0m[33m[1.998ms] [34;1m[rows:1][0m SELECT SCHEMA_NAME from Information_schema.SCHEMATA where SCHEMA_NAME LIKE 'stridemoor%' ORDER BY SCHEMA_NAME='stridemoor' DESC,SCHEMA_NAME limit 1

2026/04/30 15:17:23 [32mD:/AI/StrideMoor/backend/pkg/database/database.go:37
[0m[33m[1.998ms] [34;1m[rows:-][0m SELECT count(*) FROM INFORMATION_SCHEMA.table_constraints WHERE constraint_schema = 'stridemoor' AND table_name = 'challenges' AND constraint_name = 'fk_challenges_winner'

2026/04/30 15:17:23 [32mD:/AI/StrideMoor/backend/pkg/database/database.go:37
[0m[33m[1.000ms] [34;1m[rows:-][0m SELECT DATABASE()

2026/04/30 15:17:23 [32mD:/AI/StrideMoor/backend/pkg/database/database.go:37
[0m[33m[2.104ms] [34;1m[rows:1][0m SELECT SCHEMA_NAME from Information_schema.SCHEMATA where SCHEMA_NAME LIKE 'stridemoor%' ORDER BY SCHEMA_NAME='stridemoor' DESC,SCHEMA_NAME limit 1

2026/04/30 15:17:23 [32mD:/AI/StrideMoor/backend/pkg/database/database.go:37
[0m[33m[2.237ms] [34;1m[rows:-][0m SELECT count(*) FROM INFORMATION_SCHEMA.table_constraints WHERE constraint_schema = 'stridemoor' AND table_name = 'challenges' AND constraint_name = 'fk_challenges_target_run'

2026/04/30 15:17:23 [32mD:/AI/StrideMoor/backend/pkg/database/database.go:37
[0m[33m[0.568ms] [34;1m[rows:-][0m SELECT DATABASE()

2026/04/30 15:17:23 [32mD:/AI/StrideMoor/backend/pkg/database/database.go:37
[0m[33m[2.216ms] [34;1m[rows:1][0m SELECT SCHEMA_NAME from Information_schema.SCHEMATA where SCHEMA_NAME LIKE 'stridemoor%' ORDER BY SCHEMA_NAME='stridemoor' DESC,SCHEMA_NAME limit 1

2026/04/30 15:17:23 [32mD:/AI/StrideMoor/backend/pkg/database/database.go:37
[0m[33m[2.272ms] [34;1m[rows:-][0m SELECT count(*) FROM INFORMATION_SCHEMA.table_constraints WHERE constraint_schema = 'stridemoor' AND table_name = 'challenges' AND constraint_name = 'fk_challenges_route'

2026/04/30 15:17:23 [32mD:/AI/StrideMoor/backend/pkg/database/database.go:37
[0m[33m[1.152ms] [34;1m[rows:-][0m SELECT DATABASE()

2026/04/30 15:17:23 [32mD:/AI/StrideMoor/backend/pkg/database/database.go:37
[0m[33m[2.366ms] [34;1m[rows:1][0m SELECT SCHEMA_NAME from Information_schema.SCHEMATA where SCHEMA_NAME LIKE 'stridemoor%' ORDER BY SCHEMA_NAME='stridemoor' DESC,SCHEMA_NAME limit 1

2026/04/30 15:17:23 [32mD:/AI/StrideMoor/backend/pkg/database/database.go:37
[0m[33m[2.770ms] [34;1m[rows:-][0m SELECT count(*) FROM information_schema.statistics WHERE table_schema = 'stridemoor' AND table_name = 'challenges' AND index_name = 'idx_target_run'

2026/04/30 15:17:23 [32mD:/AI/StrideMoor/backend/pkg/database/database.go:37
[0m[33m[1.119ms] [34;1m[rows:-][0m SELECT DATABASE()

2026/04/30 15:17:23 [32mD:/AI/StrideMoor/backend/pkg/database/database.go:37
[0m[33m[2.293ms] [34;1m[rows:1][0m SELECT SCHEMA_NAME from Information_schema.SCHEMATA where SCHEMA_NAME LIKE 'stridemoor%' ORDER BY SCHEMA_NAME='stridemoor' DESC,SCHEMA_NAME limit 1

2026/04/30 15:17:23 [32mD:/AI/StrideMoor/backend/pkg/database/database.go:37
[0m[33m[2.952ms] [34;1m[rows:-][0m SELECT count(*) FROM information_schema.statistics WHERE table_schema = 'stridemoor' AND table_name = 'challenges' AND index_name = 'idx_status'

2026/04/30 15:17:23 [32mD:/AI/StrideMoor/backend/pkg/database/database.go:37
[0m[33m[0.570ms] [34;1m[rows:-][0m SELECT DATABASE()

2026/04/30 15:17:23 [32mD:/AI/StrideMoor/backend/pkg/database/database.go:37
[0m[33m[2.266ms] [34;1m[rows:1][0m SELECT SCHEMA_NAME from Information_schema.SCHEMATA where SCHEMA_NAME LIKE 'stridemoor%' ORDER BY SCHEMA_NAME='stridemoor' DESC,SCHEMA_NAME limit 1

2026/04/30 15:17:23 [32mD:/AI/StrideMoor/backend/pkg/database/database.go:37
[0m[33m[2.600ms] [34;1m[rows:-][0m SELECT count(*) FROM information_schema.statistics WHERE table_schema = 'stridemoor' AND table_name = 'challenges' AND index_name = 'idx_expires'

2026/04/30 15:17:23 [32mD:/AI/StrideMoor/backend/pkg/database/database.go:37
[0m[33m[1.110ms] [34;1m[rows:-][0m SELECT DATABASE()

2026/04/30 15:17:23 [32mD:/AI/StrideMoor/backend/pkg/database/database.go:37
[0m[33m[2.296ms] [34;1m[rows:1][0m SELECT SCHEMA_NAME from Information_schema.SCHEMATA where SCHEMA_NAME LIKE 'stridemoor%' ORDER BY SCHEMA_NAME='stridemoor' DESC,SCHEMA_NAME limit 1

2026/04/30 15:17:23 [32mD:/AI/StrideMoor/backend/pkg/database/database.go:37
[0m[33m[2.748ms] [34;1m[rows:-][0m SELECT count(*) FROM information_schema.statistics WHERE table_schema = 'stridemoor' AND table_name = 'challenges' AND index_name = 'idx_route'

2026/04/30 15:17:23 [32mD:/AI/StrideMoor/backend/pkg/database/database.go:37
[0m[33m[1.199ms] [34;1m[rows:-][0m SELECT DATABASE()

2026/04/30 15:17:23 [32mD:/AI/StrideMoor/backend/pkg/database/database.go:37
[0m[33m[2.189ms] [34;1m[rows:1][0m SELECT SCHEMA_NAME from Information_schema.SCHEMATA where SCHEMA_NAME LIKE 'stridemoor%' ORDER BY SCHEMA_NAME='stridemoor' DESC,SCHEMA_NAME limit 1

2026/04/30 15:17:23 [32mD:/AI/StrideMoor/backend/pkg/database/database.go:37
[0m[33m[2.238ms] [34;1m[rows:-][0m SELECT count(*) FROM information_schema.statistics WHERE table_schema = 'stridemoor' AND table_name = 'challenges' AND index_name = 'idx_challenger'

2026/04/30 15:17:23 [32mD:/AI/StrideMoor/backend/pkg/database/database.go:37
[0m[33m[1.173ms] [34;1m[rows:-][0m SELECT DATABASE()

2026/04/30 15:17:23 [32mD:/AI/StrideMoor/backend/pkg/database/database.go:37
[0m[33m[2.216ms] [34;1m[rows:1][0m SELECT SCHEMA_NAME from Information_schema.SCHEMATA where SCHEMA_NAME LIKE 'stridemoor%' ORDER BY SCHEMA_NAME='stridemoor' DESC,SCHEMA_NAME limit 1

2026/04/30 15:17:23 [32mD:/AI/StrideMoor/backend/pkg/database/database.go:37
[0m[33m[2.399ms] [34;1m[rows:-][0m SELECT count(*) FROM information_schema.statistics WHERE table_schema = 'stridemoor' AND table_name = 'challenges' AND index_name = 'idx_invitee'

2026/04/30 15:17:23 [32mD:/AI/StrideMoor/backend/pkg/database/database.go:37
[0m[33m[1.098ms] [34;1m[rows:-][0m SELECT DATABASE()

2026/04/30 15:17:23 [32mD:/AI/StrideMoor/backend/pkg/database/database.go:37
[0m[33m[2.305ms] [34;1m[rows:1][0m SELECT SCHEMA_NAME from Information_schema.SCHEMATA where SCHEMA_NAME LIKE 'stridemoor%' ORDER BY SCHEMA_NAME='stridemoor' DESC,SCHEMA_NAME limit 1

2026/04/30 15:17:23 [32mD:/AI/StrideMoor/backend/pkg/database/database.go:37
[0m[33m[2.806ms] [34;1m[rows:-][0m SELECT count(*) FROM information_schema.tables WHERE table_schema = 'stridemoor' AND table_name = 'comparisons' AND table_type = 'BASE TABLE'

2026/04/30 15:17:23 [32mD:/AI/StrideMoor/backend/pkg/database/database.go:37
[0m[33m[0.557ms] [34;1m[rows:-][0m SELECT DATABASE()

2026/04/30 15:17:23 [32mD:/AI/StrideMoor/backend/pkg/database/database.go:37
[0m[33m[2.276ms] [34;1m[rows:1][0m SELECT SCHEMA_NAME from Information_schema.SCHEMATA where SCHEMA_NAME LIKE 'stridemoor%' ORDER BY SCHEMA_NAME='stridemoor' DESC,SCHEMA_NAME limit 1

2026/04/30 15:17:23 [32mD:/AI/StrideMoor/backend/pkg/database/database.go:37
[0m[33m[3.291ms] [34;1m[rows:-][0m SELECT * FROM `comparisons` LIMIT 1

2026/04/30 15:17:23 [32mD:/AI/StrideMoor/backend/pkg/database/database.go:37
[0m[33m[3.102ms] [34;1m[rows:-][0m SELECT column_name, column_default, is_nullable = 'YES', data_type, character_maximum_length, column_type, column_key, extra, column_comment, numeric_precision, numeric_scale , datetime_precision FROM information_schema.columns WHERE table_schema = 'stridemoor' AND table_name = 'comparisons' ORDER BY ORDINAL_POSITION

2026/04/30 15:17:23 [32m
[0m[33m[1.109ms] [34;1m[rows:-][0m SELECT DATABASE()

2026/04/30 15:17:23 [32m
[0m[33m[2.227ms] [34;1m[rows:1][0m SELECT SCHEMA_NAME from Information_schema.SCHEMATA where SCHEMA_NAME LIKE 'stridemoor%' ORDER BY SCHEMA_NAME='stridemoor' DESC,SCHEMA_NAME limit 1

2026/04/30 15:17:23 [32mD:/AI/StrideMoor/backend/pkg/database/database.go:37
[0m[33m[3.408ms] [34;1m[rows:4][0m 
SELECT
	TABLE_NAME,
	COLUMN_NAME,
	INDEX_NAME,
	NON_UNIQUE 
FROM
	information_schema.STATISTICS 
WHERE
	TABLE_SCHEMA = 'stridemoor' 
	AND TABLE_NAME = 'comparisons' 
ORDER BY
	INDEX_NAME,
	SEQ_IN_INDEX

2026/04/30 15:17:23 [32m
[0m[33m[1.095ms] [34;1m[rows:-][0m SELECT DATABASE()

2026/04/30 15:17:23 [32m
[0m[33m[2.274ms] [34;1m[rows:1][0m SELECT SCHEMA_NAME from Information_schema.SCHEMATA where SCHEMA_NAME LIKE 'stridemoor%' ORDER BY SCHEMA_NAME='stridemoor' DESC,SCHEMA_NAME limit 1

2026/04/30 15:17:23 [32m
[0m[33m[2.767ms] [34;1m[rows:-][0m SELECT count(*) FROM INFORMATION_SCHEMA.table_constraints WHERE constraint_schema = 'stridemoor' AND table_name = 'comparisons' AND constraint_name = 'uni_comparisons_challenge_id'

2026/04/30 15:17:23 [32m
[0m[33m[1.074ms] [34;1m[rows:-][0m SELECT DATABASE()

2026/04/30 15:17:23 [32m
[0m[33m[2.285ms] [34;1m[rows:1][0m SELECT SCHEMA_NAME from Information_schema.SCHEMATA where SCHEMA_NAME LIKE 'stridemoor%' ORDER BY SCHEMA_NAME='stridemoor' DESC,SCHEMA_NAME limit 1

2026/04/30 15:17:23 [32m
[0m[33m[2.739ms] [34;1m[rows:-][0m SELECT count(*) FROM information_schema.statistics WHERE table_schema = 'stridemoor' AND table_name = 'comparisons' AND index_name = 'idx_challenge'

2026/04/30 15:17:23 [32mD:/AI/StrideMoor/backend/pkg/database/database.go:37
[0m[33m[1.073ms] [34;1m[rows:-][0m SELECT DATABASE()

2026/04/30 15:17:23 [32mD:/AI/StrideMoor/backend/pkg/database/database.go:37
[0m[33m[2.233ms] [34;1m[rows:1][0m SELECT SCHEMA_NAME from Information_schema.SCHEMATA where SCHEMA_NAME LIKE 'stridemoor%' ORDER BY SCHEMA_NAME='stridemoor' DESC,SCHEMA_NAME limit 1

2026/04/30 15:17:23 [32mD:/AI/StrideMoor/backend/pkg/database/database.go:37
[0m[33m[2.767ms] [34;1m[rows:-][0m SELECT count(*) FROM INFORMATION_SCHEMA.table_constraints WHERE constraint_schema = 'stridemoor' AND table_name = 'comparisons' AND constraint_name = 'fk_comparisons_run_a'

2026/04/30 15:17:23 [32mD:/AI/StrideMoor/backend/pkg/database/database.go:37
[0m[33m[1.149ms] [34;1m[rows:-][0m SELECT DATABASE()

2026/04/30 15:17:23 [32mD:/AI/StrideMoor/backend/pkg/database/database.go:37
[0m[33m[2.399ms] [34;1m[rows:1][0m SELECT SCHEMA_NAME from Information_schema.SCHEMATA where SCHEMA_NAME LIKE 'stridemoor%' ORDER BY SCHEMA_NAME='stridemoor' DESC,SCHEMA_NAME limit 1

2026/04/30 15:17:23 [32mD:/AI/StrideMoor/backend/pkg/database/database.go:37
[0m[33m[2.296ms] [34;1m[rows:-][0m SELECT count(*) FROM INFORMATION_SCHEMA.table_constraints WHERE constraint_schema = 'stridemoor' AND table_name = 'comparisons' AND constraint_name = 'fk_comparisons_run_b'

2026/04/30 15:17:23 [32mD:/AI/StrideMoor/backend/pkg/database/database.go:37
[0m[33m[0.573ms] [34;1m[rows:-][0m SELECT DATABASE()

2026/04/30 15:17:23 [32mD:/AI/StrideMoor/backend/pkg/database/database.go:37
[0m[33m[2.227ms] [34;1m[rows:1][0m SELECT SCHEMA_NAME from Information_schema.SCHEMATA where SCHEMA_NAME LIKE 'stridemoor%' ORDER BY SCHEMA_NAME='stridemoor' DESC,SCHEMA_NAME limit 1

2026/04/30 15:17:23 [32mD:/AI/StrideMoor/backend/pkg/database/database.go:37
[0m[33m[2.845ms] [34;1m[rows:-][0m SELECT count(*) FROM INFORMATION_SCHEMA.table_constraints WHERE constraint_schema = 'stridemoor' AND table_name = 'comparisons' AND constraint_name = 'fk_challenges_comparison'

2026/04/30 15:17:23 [32mD:/AI/StrideMoor/backend/pkg/database/database.go:37
[0m[33m[1.174ms] [34;1m[rows:-][0m SELECT DATABASE()

2026/04/30 15:17:23 [32mD:/AI/StrideMoor/backend/pkg/database/database.go:37
[0m[33m[2.219ms] [34;1m[rows:1][0m SELECT SCHEMA_NAME from Information_schema.SCHEMATA where SCHEMA_NAME LIKE 'stridemoor%' ORDER BY SCHEMA_NAME='stridemoor' DESC,SCHEMA_NAME limit 1

2026/04/30 15:17:23 [32mD:/AI/StrideMoor/backend/pkg/database/database.go:37
[0m[33m[2.346ms] [34;1m[rows:-][0m SELECT count(*) FROM information_schema.statistics WHERE table_schema = 'stridemoor' AND table_name = 'comparisons' AND index_name = 'idx_run_b'

2026/04/30 15:17:23 [32mD:/AI/StrideMoor/backend/pkg/database/database.go:37
[0m[33m[1.089ms] [34;1m[rows:-][0m SELECT DATABASE()

2026/04/30 15:17:23 [32mD:/AI/StrideMoor/backend/pkg/database/database.go:37
[0m[33m[2.756ms] [34;1m[rows:1][0m SELECT SCHEMA_NAME from Information_schema.SCHEMATA where SCHEMA_NAME LIKE 'stridemoor%' ORDER BY SCHEMA_NAME='stridemoor' DESC,SCHEMA_NAME limit 1

2026/04/30 15:17:23 [32mD:/AI/StrideMoor/backend/pkg/database/database.go:37
[0m[33m[2.724ms] [34;1m[rows:-][0m SELECT count(*) FROM information_schema.statistics WHERE table_schema = 'stridemoor' AND table_name = 'comparisons' AND index_name = 'idx_challenge'

2026/04/30 15:17:23 [32mD:/AI/StrideMoor/backend/pkg/database/database.go:37
[0m[33m[0.577ms] [34;1m[rows:-][0m SELECT DATABASE()

2026/04/30 15:17:23 [32mD:/AI/StrideMoor/backend/pkg/database/database.go:37
[0m[33m[2.227ms] [34;1m[rows:1][0m SELECT SCHEMA_NAME from Information_schema.SCHEMATA where SCHEMA_NAME LIKE 'stridemoor%' ORDER BY SCHEMA_NAME='stridemoor' DESC,SCHEMA_NAME limit 1

2026/04/30 15:17:23 [32mD:/AI/StrideMoor/backend/pkg/database/database.go:37
[0m[33m[3.971ms] [34;1m[rows:-][0m SELECT count(*) FROM information_schema.statistics WHERE table_schema = 'stridemoor' AND table_name = 'comparisons' AND index_name = 'idx_run_a'

2026/04/30 15:17:23 [32mD:/AI/StrideMoor/backend/pkg/database/database.go:37
[0m[33m[1.157ms] [34;1m[rows:-][0m SELECT DATABASE()

2026/04/30 15:17:23 [32mD:/AI/StrideMoor/backend/pkg/database/database.go:37
[0m[33m[3.401ms] [34;1m[rows:1][0m SELECT SCHEMA_NAME from Information_schema.SCHEMATA where SCHEMA_NAME LIKE 'stridemoor%' ORDER BY SCHEMA_NAME='stridemoor' DESC,SCHEMA_NAME limit 1

2026/04/30 15:17:23 [32mD:/AI/StrideMoor/backend/pkg/database/database.go:37
[0m[33m[2.830ms] [34;1m[rows:-][0m SELECT count(*) FROM information_schema.tables WHERE table_schema = 'stridemoor' AND table_name = 'friendships' AND table_type = 'BASE TABLE'

2026/04/30 15:17:23 [32mD:/AI/StrideMoor/backend/pkg/database/database.go:37
[0m[33m[1.131ms] [34;1m[rows:-][0m SELECT DATABASE()

2026/04/30 15:17:23 [32mD:/AI/StrideMoor/backend/pkg/database/database.go:37
[0m[33m[2.271ms] [34;1m[rows:1][0m SELECT SCHEMA_NAME from Information_schema.SCHEMATA where SCHEMA_NAME LIKE 'stridemoor%' ORDER BY SCHEMA_NAME='stridemoor' DESC,SCHEMA_NAME limit 1

2026/04/30 15:17:23 [32mD:/AI/StrideMoor/backend/pkg/database/database.go:37
[0m[33m[3.476ms] [34;1m[rows:-][0m SELECT * FROM `friendships` LIMIT 1

2026/04/30 15:17:23 [32mD:/AI/StrideMoor/backend/pkg/database/database.go:37
[0m[33m[3.814ms] [34;1m[rows:-][0m SELECT column_name, column_default, is_nullable = 'YES', data_type, character_maximum_length, column_type, column_key, extra, column_comment, numeric_precision, numeric_scale , datetime_precision FROM information_schema.columns WHERE table_schema = 'stridemoor' AND table_name = 'friendships' ORDER BY ORDINAL_POSITION

2026/04/30 15:17:23 [32mD:/AI/StrideMoor/backend/pkg/database/database.go:37
[0m[33m[0.819ms] [34;1m[rows:-][0m SELECT DATABASE()

2026/04/30 15:17:23 [32mD:/AI/StrideMoor/backend/pkg/database/database.go:37
[0m[33m[2.285ms] [34;1m[rows:1][0m SELECT SCHEMA_NAME from Information_schema.SCHEMATA where SCHEMA_NAME LIKE 'stridemoor%' ORDER BY SCHEMA_NAME='stridemoor' DESC,SCHEMA_NAME limit 1

2026/04/30 15:17:23 [32mD:/AI/StrideMoor/backend/pkg/database/database.go:37
[0m[33m[2.974ms] [34;1m[rows:-][0m SELECT count(*) FROM INFORMATION_SCHEMA.table_constraints WHERE constraint_schema = 'stridemoor' AND table_name = 'friendships' AND constraint_name = 'fk_friendships_user_a'

2026/04/30 15:17:23 [32mD:/AI/StrideMoor/backend/pkg/database/database.go:37
[0m[33m[1.131ms] [34;1m[rows:-][0m SELECT DATABASE()

2026/04/30 15:17:23 [32mD:/AI/StrideMoor/backend/pkg/database/database.go:37
[0m[33m[3.385ms] [34;1m[rows:1][0m SELECT SCHEMA_NAME from Information_schema.SCHEMATA where SCHEMA_NAME LIKE 'stridemoor%' ORDER BY SCHEMA_NAME='stridemoor' DESC,SCHEMA_NAME limit 1

2026/04/30 15:17:23 [32mD:/AI/StrideMoor/backend/pkg/database/database.go:37
[0m[33m[3.993ms] [34;1m[rows:-][0m SELECT count(*) FROM INFORMATION_SCHEMA.table_constraints WHERE constraint_schema = 'stridemoor' AND table_name = 'friendships' AND constraint_name = 'fk_friendships_user_b'

2026/04/30 15:17:23 [32mD:/AI/StrideMoor/backend/pkg/database/database.go:37
[0m[33m[0.583ms] [34;1m[rows:-][0m SELECT DATABASE()

2026/04/30 15:17:23 [32mD:/AI/StrideMoor/backend/pkg/database/database.go:37
[0m[33m[2.458ms] [34;1m[rows:1][0m SELECT SCHEMA_NAME from Information_schema.SCHEMATA where SCHEMA_NAME LIKE 'stridemoor%' ORDER BY SCHEMA_NAME='stridemoor' DESC,SCHEMA_NAME limit 1

2026/04/30 15:17:23 [32mD:/AI/StrideMoor/backend/pkg/database/database.go:37
[0m[33m[3.012ms] [34;1m[rows:-][0m SELECT count(*) FROM information_schema.statistics WHERE table_schema = 'stridemoor' AND table_name = 'friendships' AND index_name = 'uk_friends'

2026/04/30 15:17:23 [32mD:/AI/StrideMoor/backend/pkg/database/database.go:37
[0m[33m[1.679ms] [34;1m[rows:-][0m SELECT DATABASE()

2026/04/30 15:17:23 [32mD:/AI/StrideMoor/backend/pkg/database/database.go:37
[0m[33m[2.307ms] [34;1m[rows:1][0m SELECT SCHEMA_NAME from Information_schema.SCHEMATA where SCHEMA_NAME LIKE 'stridemoor%' ORDER BY SCHEMA_NAME='stridemoor' DESC,SCHEMA_NAME limit 1

2026/04/30 15:17:23 [32mD:/AI/StrideMoor/backend/pkg/database/database.go:37
[0m[33m[2.841ms] [34;1m[rows:-][0m SELECT count(*) FROM information_schema.statistics WHERE table_schema = 'stridemoor' AND table_name = 'friendships' AND index_name = 'idx_user_a'

2026/04/30 15:17:23 [32mD:/AI/StrideMoor/backend/pkg/database/database.go:37
[0m[33m[1.722ms] [34;1m[rows:-][0m SELECT DATABASE()

2026/04/30 15:17:23 [32mD:/AI/StrideMoor/backend/pkg/database/database.go:37
[0m[33m[3.071ms] [34;1m[rows:1][0m SELECT SCHEMA_NAME from Information_schema.SCHEMATA where SCHEMA_NAME LIKE 'stridemoor%' ORDER BY SCHEMA_NAME='stridemoor' DESC,SCHEMA_NAME limit 1

2026/04/30 15:17:23 [32mD:/AI/StrideMoor/backend/pkg/database/database.go:37
[0m[33m[3.175ms] [34;1m[rows:-][0m SELECT count(*) FROM information_schema.statistics WHERE table_schema = 'stridemoor' AND table_name = 'friendships' AND index_name = 'idx_user_b'

2026/04/30 15:17:23 [32mD:/AI/StrideMoor/backend/pkg/database/database.go:37
[0m[33m[1.150ms] [34;1m[rows:-][0m SELECT DATABASE()

2026/04/30 15:17:23 [32mD:/AI/StrideMoor/backend/pkg/database/database.go:37
[0m[33m[2.256ms] [34;1m[rows:1][0m SELECT SCHEMA_NAME from Information_schema.SCHEMATA where SCHEMA_NAME LIKE 'stridemoor%' ORDER BY SCHEMA_NAME='stridemoor' DESC,SCHEMA_NAME limit 1

2026/04/30 15:17:23 [32mD:/AI/StrideMoor/backend/pkg/database/database.go:37
[0m[33m[2.348ms] [34;1m[rows:-][0m SELECT count(*) FROM information_schema.tables WHERE table_schema = 'stridemoor' AND table_name = 'route_leaderboards' AND table_type = 'BASE TABLE'

2026/04/30 15:17:23 [32mD:/AI/StrideMoor/backend/pkg/database/database.go:37
[0m[33m[0.585ms] [34;1m[rows:-][0m SELECT DATABASE()

2026/04/30 15:17:23 [32mD:/AI/StrideMoor/backend/pkg/database/database.go:37
[0m[33m[2.261ms] [34;1m[rows:1][0m SELECT SCHEMA_NAME from Information_schema.SCHEMATA where SCHEMA_NAME LIKE 'stridemoor%' ORDER BY SCHEMA_NAME='stridemoor' DESC,SCHEMA_NAME limit 1

2026/04/30 15:17:23 [32mD:/AI/StrideMoor/backend/pkg/database/database.go:37
[0m[33m[4.094ms] [34;1m[rows:-][0m SELECT * FROM `route_leaderboards` LIMIT 1

2026/04/30 15:17:23 [32mD:/AI/StrideMoor/backend/pkg/database/database.go:37
[0m[33m[3.253ms] [34;1m[rows:-][0m SELECT column_name, column_default, is_nullable = 'YES', data_type, character_maximum_length, column_type, column_key, extra, column_comment, numeric_precision, numeric_scale , datetime_precision FROM information_schema.columns WHERE table_schema = 'stridemoor' AND table_name = 'route_leaderboards' ORDER BY ORDINAL_POSITION

2026/04/30 15:17:23 [32mD:/AI/StrideMoor/backend/pkg/database/database.go:37
[0m[33m[0.837ms] [34;1m[rows:-][0m SELECT DATABASE()

2026/04/30 15:17:23 [32mD:/AI/StrideMoor/backend/pkg/database/database.go:37
[0m[33m[2.825ms] [34;1m[rows:1][0m SELECT SCHEMA_NAME from Information_schema.SCHEMATA where SCHEMA_NAME LIKE 'stridemoor%' ORDER BY SCHEMA_NAME='stridemoor' DESC,SCHEMA_NAME limit 1

2026/04/30 15:17:23 [32mD:/AI/StrideMoor/backend/pkg/database/database.go:37
[0m[33m[2.779ms] [34;1m[rows:-][0m SELECT count(*) FROM INFORMATION_SCHEMA.table_constraints WHERE constraint_schema = 'stridemoor' AND table_name = 'route_leaderboards' AND constraint_name = 'fk_route_leaderboards_user'

2026/04/30 15:17:23 [32mD:/AI/StrideMoor/backend/pkg/database/database.go:37
[0m[33m[0.626ms] [34;1m[rows:-][0m SELECT DATABASE()

2026/04/30 15:17:23 [32mD:/AI/StrideMoor/backend/pkg/database/database.go:37
[0m[33m[2.562ms] [34;1m[rows:1][0m SELECT SCHEMA_NAME from Information_schema.SCHEMATA where SCHEMA_NAME LIKE 'stridemoor%' ORDER BY SCHEMA_NAME='stridemoor' DESC,SCHEMA_NAME limit 1

2026/04/30 15:17:23 [32mD:/AI/StrideMoor/backend/pkg/database/database.go:37
[0m[33m[2.776ms] [34;1m[rows:-][0m SELECT count(*) FROM INFORMATION_SCHEMA.table_constraints WHERE constraint_schema = 'stridemoor' AND table_name = 'route_leaderboards' AND constraint_name = 'fk_route_leaderboards_run'

2026/04/30 15:17:23 [32mD:/AI/StrideMoor/backend/pkg/database/database.go:37
[0m[33m[0.543ms] [34;1m[rows:-][0m SELECT DATABASE()

2026/04/30 15:17:23 [32mD:/AI/StrideMoor/backend/pkg/database/database.go:37
[0m[33m[2.255ms] [34;1m[rows:1][0m SELECT SCHEMA_NAME from Information_schema.SCHEMATA where SCHEMA_NAME LIKE 'stridemoor%' ORDER BY SCHEMA_NAME='stridemoor' DESC,SCHEMA_NAME limit 1

2026/04/30 15:17:23 [32mD:/AI/StrideMoor/backend/pkg/database/database.go:37
[0m[33m[3.097ms] [34;1m[rows:-][0m SELECT count(*) FROM INFORMATION_SCHEMA.table_constraints WHERE constraint_schema = 'stridemoor' AND table_name = 'route_leaderboards' AND constraint_name = 'fk_routes_leaderboards'

2026/04/30 15:17:23 [32mD:/AI/StrideMoor/backend/pkg/database/database.go:37
[0m[33m[1.130ms] [34;1m[rows:-][0m SELECT DATABASE()

2026/04/30 15:17:23 [32mD:/AI/StrideMoor/backend/pkg/database/database.go:37
[0m[33m[3.400ms] [34;1m[rows:1][0m SELECT SCHEMA_NAME from Information_schema.SCHEMATA where SCHEMA_NAME LIKE 'stridemoor%' ORDER BY SCHEMA_NAME='stridemoor' DESC,SCHEMA_NAME limit 1

2026/04/30 15:17:23 [32mD:/AI/StrideMoor/backend/pkg/database/database.go:37
[0m[33m[4.530ms] [34;1m[rows:-][0m SELECT count(*) FROM information_schema.statistics WHERE table_schema = 'stridemoor' AND table_name = 'route_leaderboards' AND index_name = 'idx_route_time'

2026/04/30 15:17:23 [32mD:/AI/StrideMoor/backend/pkg/database/database.go:37
[0m[33m[0.559ms] [34;1m[rows:-][0m SELECT DATABASE()

2026/04/30 15:17:23 [32mD:/AI/StrideMoor/backend/pkg/database/database.go:37
[0m[33m[2.367ms] [34;1m[rows:1][0m SELECT SCHEMA_NAME from Information_schema.SCHEMATA where SCHEMA_NAME LIKE 'stridemoor%' ORDER BY SCHEMA_NAME='stridemoor' DESC,SCHEMA_NAME limit 1

2026/04/30 15:17:23 [32mD:/AI/StrideMoor/backend/pkg/database/database.go:37
[0m[33m[2.731ms] [34;1m[rows:-][0m SELECT count(*) FROM information_schema.statistics WHERE table_schema = 'stridemoor' AND table_name = 'route_leaderboards' AND index_name = 'idx_user'

2026/04/30 15:17:23 [32mD:/AI/StrideMoor/backend/pkg/database/database.go:37
[0m[33m[1.055ms] [34;1m[rows:-][0m SELECT DATABASE()

2026/04/30 15:17:23 [32mD:/AI/StrideMoor/backend/pkg/database/database.go:37
[0m[33m[2.743ms] [34;1m[rows:1][0m SELECT SCHEMA_NAME from Information_schema.SCHEMATA where SCHEMA_NAME LIKE 'stridemoor%' ORDER BY SCHEMA_NAME='stridemoor' DESC,SCHEMA_NAME limit 1

2026/04/30 15:17:23 [32mD:/AI/StrideMoor/backend/pkg/database/database.go:37
[0m[33m[2.784ms] [34;1m[rows:-][0m SELECT count(*) FROM information_schema.statistics WHERE table_schema = 'stridemoor' AND table_name = 'route_leaderboards' AND index_name = 'uk_route_user'

2026/04/30 15:17:23 [32mD:/AI/StrideMoor/backend/pkg/database/database.go:37
[0m[33m[0.591ms] [34;1m[rows:-][0m SELECT DATABASE()

2026/04/30 15:17:23 [32mD:/AI/StrideMoor/backend/pkg/database/database.go:37
[0m[33m[2.188ms] [34;1m[rows:1][0m SELECT SCHEMA_NAME from Information_schema.SCHEMATA where SCHEMA_NAME LIKE 'stridemoor%' ORDER BY SCHEMA_NAME='stridemoor' DESC,SCHEMA_NAME limit 1

2026/04/30 15:17:23 [32mD:/AI/StrideMoor/backend/pkg/database/database.go:37
[0m[33m[2.245ms] [34;1m[rows:-][0m SELECT count(*) FROM information_schema.tables WHERE table_schema = 'stridemoor' AND table_name = 'posts' AND table_type = 'BASE TABLE'

2026/04/30 15:17:23 [32mD:/AI/StrideMoor/backend/pkg/database/database.go:37
[0m[33m[1.011ms] [34;1m[rows:-][0m SELECT DATABASE()

2026/04/30 15:17:23 [32mD:/AI/StrideMoor/backend/pkg/database/database.go:37
[0m[33m[2.174ms] [34;1m[rows:1][0m SELECT SCHEMA_NAME from Information_schema.SCHEMATA where SCHEMA_NAME LIKE 'stridemoor%' ORDER BY SCHEMA_NAME='stridemoor' DESC,SCHEMA_NAME limit 1

2026/04/30 15:17:23 [32mD:/AI/StrideMoor/backend/pkg/database/database.go:37
[0m[33m[2.364ms] [34;1m[rows:-][0m SELECT * FROM `posts` LIMIT 1

2026/04/30 15:17:23 [32mD:/AI/StrideMoor/backend/pkg/database/database.go:37
[0m[33m[2.797ms] [34;1m[rows:-][0m SELECT column_name, column_default, is_nullable = 'YES', data_type, character_maximum_length, column_type, column_key, extra, column_comment, numeric_precision, numeric_scale , datetime_precision FROM information_schema.columns WHERE table_schema = 'stridemoor' AND table_name = 'posts' ORDER BY ORDINAL_POSITION

2026/04/30 15:17:23 [32mD:/AI/StrideMoor/backend/pkg/database/database.go:37
[0m[33m[0.580ms] [34;1m[rows:-][0m SELECT DATABASE()

2026/04/30 15:17:23 [32mD:/AI/StrideMoor/backend/pkg/database/database.go:37
[0m[33m[2.217ms] [34;1m[rows:1][0m SELECT SCHEMA_NAME from Information_schema.SCHEMATA where SCHEMA_NAME LIKE 'stridemoor%' ORDER BY SCHEMA_NAME='stridemoor' DESC,SCHEMA_NAME limit 1

2026/04/30 15:17:23 [32mD:/AI/StrideMoor/backend/pkg/database/database.go:37
[0m[33m[2.855ms] [34;1m[rows:-][0m SELECT count(*) FROM INFORMATION_SCHEMA.table_constraints WHERE constraint_schema = 'stridemoor' AND table_name = 'posts' AND constraint_name = 'fk_posts_user'

2026/04/30 15:17:23 [32mD:/AI/StrideMoor/backend/pkg/database/database.go:37
[0m[33m[1.113ms] [34;1m[rows:-][0m SELECT DATABASE()

2026/04/30 15:17:23 [32mD:/AI/StrideMoor/backend/pkg/database/database.go:37
[0m[33m[2.878ms] [34;1m[rows:1][0m SELECT SCHEMA_NAME from Information_schema.SCHEMATA where SCHEMA_NAME LIKE 'stridemoor%' ORDER BY SCHEMA_NAME='stridemoor' DESC,SCHEMA_NAME limit 1

2026/04/30 15:17:23 [32mD:/AI/StrideMoor/backend/pkg/database/database.go:37
[0m[33m[2.271ms] [34;1m[rows:-][0m SELECT count(*) FROM INFORMATION_SCHEMA.table_constraints WHERE constraint_schema = 'stridemoor' AND table_name = 'posts' AND constraint_name = 'fk_posts_run'

2026/04/30 15:17:23 [32mD:/AI/StrideMoor/backend/pkg/database/database.go:37
[0m[33m[1.109ms] [34;1m[rows:-][0m SELECT DATABASE()

2026/04/30 15:17:23 [32mD:/AI/StrideMoor/backend/pkg/database/database.go:37
[0m[33m[2.505ms] [34;1m[rows:1][0m SELECT SCHEMA_NAME from Information_schema.SCHEMATA where SCHEMA_NAME LIKE 'stridemoor%' ORDER BY SCHEMA_NAME='stridemoor' DESC,SCHEMA_NAME limit 1

2026/04/30 15:17:23 [32mD:/AI/StrideMoor/backend/pkg/database/database.go:37
[0m[33m[2.638ms] [34;1m[rows:-][0m SELECT count(*) FROM INFORMATION_SCHEMA.table_constraints WHERE constraint_schema = 'stridemoor' AND table_name = 'posts' AND constraint_name = 'fk_posts_route'

2026/04/30 15:17:23 [32mD:/AI/StrideMoor/backend/pkg/database/database.go:37
[0m[33m[1.114ms] [34;1m[rows:-][0m SELECT DATABASE()

2026/04/30 15:17:23 [32mD:/AI/StrideMoor/backend/pkg/database/database.go:37
[0m[33m[2.295ms] [34;1m[rows:1][0m SELECT SCHEMA_NAME from Information_schema.SCHEMATA where SCHEMA_NAME LIKE 'stridemoor%' ORDER BY SCHEMA_NAME='stridemoor' DESC,SCHEMA_NAME limit 1

2026/04/30 15:17:23 [32mD:/AI/StrideMoor/backend/pkg/database/database.go:37
[0m[33m[2.321ms] [34;1m[rows:-][0m SELECT count(*) FROM information_schema.statistics WHERE table_schema = 'stridemoor' AND table_name = 'posts' AND index_name = 'idx_post_user'

2026/04/30 15:17:23 [32mD:/AI/StrideMoor/backend/pkg/database/database.go:37
[0m[33m[0.570ms] [34;1m[rows:-][0m SELECT DATABASE()

2026/04/30 15:17:23 [32mD:/AI/StrideMoor/backend/pkg/database/database.go:37
[0m[33m[2.285ms] [34;1m[rows:1][0m SELECT SCHEMA_NAME from Information_schema.SCHEMATA where SCHEMA_NAME LIKE 'stridemoor%' ORDER BY SCHEMA_NAME='stridemoor' DESC,SCHEMA_NAME limit 1

2026/04/30 15:17:23 [32mD:/AI/StrideMoor/backend/pkg/database/database.go:37
[0m[33m[2.803ms] [34;1m[rows:-][0m SELECT count(*) FROM information_schema.statistics WHERE table_schema = 'stridemoor' AND table_name = 'posts' AND index_name = 'idx_post_run'

2026/04/30 15:17:23 [32mD:/AI/StrideMoor/backend/pkg/database/database.go:37
[0m[33m[1.110ms] [34;1m[rows:-][0m SELECT DATABASE()

2026/04/30 15:17:23 [32mD:/AI/StrideMoor/backend/pkg/database/database.go:37
[0m[33m[2.747ms] [34;1m[rows:1][0m SELECT SCHEMA_NAME from Information_schema.SCHEMATA where SCHEMA_NAME LIKE 'stridemoor%' ORDER BY SCHEMA_NAME='stridemoor' DESC,SCHEMA_NAME limit 1

2026/04/30 15:17:23 [32mD:/AI/StrideMoor/backend/pkg/database/database.go:37
[0m[33m[2.235ms] [34;1m[rows:-][0m SELECT count(*) FROM information_schema.statistics WHERE table_schema = 'stridemoor' AND table_name = 'posts' AND index_name = 'idx_post_route'

2026/04/30 15:17:23 [32mD:/AI/StrideMoor/backend/pkg/database/database.go:37
[0m[33m[1.063ms] [34;1m[rows:-][0m SELECT DATABASE()

2026/04/30 15:17:23 [32mD:/AI/StrideMoor/backend/pkg/database/database.go:37
[0m[33m[2.265ms] [34;1m[rows:1][0m SELECT SCHEMA_NAME from Information_schema.SCHEMATA where SCHEMA_NAME LIKE 'stridemoor%' ORDER BY SCHEMA_NAME='stridemoor' DESC,SCHEMA_NAME limit 1

2026/04/30 15:17:23 [32mD:/AI/StrideMoor/backend/pkg/database/database.go:37
[0m[33m[2.845ms] [34;1m[rows:-][0m SELECT count(*) FROM information_schema.tables WHERE table_schema = 'stridemoor' AND table_name = 'post_comments' AND table_type = 'BASE TABLE'

2026/04/30 15:17:23 [32mD:/AI/StrideMoor/backend/pkg/database/database.go:37
[0m[33m[1.638ms] [34;1m[rows:-][0m SELECT DATABASE()

2026/04/30 15:17:23 [32mD:/AI/StrideMoor/backend/pkg/database/database.go:37
[0m[33m[2.465ms] [34;1m[rows:1][0m SELECT SCHEMA_NAME from Information_schema.SCHEMATA where SCHEMA_NAME LIKE 'stridemoor%' ORDER BY SCHEMA_NAME='stridemoor' DESC,SCHEMA_NAME limit 1

2026/04/30 15:17:23 [32mD:/AI/StrideMoor/backend/pkg/database/database.go:37
[0m[33m[2.702ms] [34;1m[rows:-][0m SELECT * FROM `post_comments` LIMIT 1

2026/04/30 15:17:23 [32mD:/AI/StrideMoor/backend/pkg/database/database.go:37
[0m[33m[3.994ms] [34;1m[rows:-][0m SELECT column_name, column_default, is_nullable = 'YES', data_type, character_maximum_length, column_type, column_key, extra, column_comment, numeric_precision, numeric_scale , datetime_precision FROM information_schema.columns WHERE table_schema = 'stridemoor' AND table_name = 'post_comments' ORDER BY ORDINAL_POSITION

2026/04/30 15:17:23 [32mD:/AI/StrideMoor/backend/pkg/database/database.go:37
[0m[33m[1.000ms] [34;1m[rows:-][0m SELECT DATABASE()

2026/04/30 15:17:23 [32mD:/AI/StrideMoor/backend/pkg/database/database.go:37
[0m[33m[3.002ms] [34;1m[rows:1][0m SELECT SCHEMA_NAME from Information_schema.SCHEMATA where SCHEMA_NAME LIKE 'stridemoor%' ORDER BY SCHEMA_NAME='stridemoor' DESC,SCHEMA_NAME limit 1

2026/04/30 15:17:23 [32mD:/AI/StrideMoor/backend/pkg/database/database.go:37
[0m[33m[2.998ms] [34;1m[rows:-][0m SELECT count(*) FROM INFORMATION_SCHEMA.table_constraints WHERE constraint_schema = 'stridemoor' AND table_name = 'post_comments' AND constraint_name = 'fk_post_comments_user'

2026/04/30 15:17:23 [32mD:/AI/StrideMoor/backend/pkg/database/database.go:37
[0m[33m[1.000ms] [34;1m[rows:-][0m SELECT DATABASE()

2026/04/30 15:17:24 [32mD:/AI/StrideMoor/backend/pkg/database/database.go:37
[0m[33m[3.325ms] [34;1m[rows:1][0m SELECT SCHEMA_NAME from Information_schema.SCHEMATA where SCHEMA_NAME LIKE 'stridemoor%' ORDER BY SCHEMA_NAME='stridemoor' DESC,SCHEMA_NAME limit 1

2026/04/30 15:17:24 [32mD:/AI/StrideMoor/backend/pkg/database/database.go:37
[0m[33m[2.853ms] [34;1m[rows:-][0m SELECT count(*) FROM information_schema.statistics WHERE table_schema = 'stridemoor' AND table_name = 'post_comments' AND index_name = 'idx_comment_post'

2026/04/30 15:17:24 [32mD:/AI/StrideMoor/backend/pkg/database/database.go:37
[0m[33m[1.239ms] [34;1m[rows:-][0m SELECT DATABASE()

2026/04/30 15:17:24 [32mD:/AI/StrideMoor/backend/pkg/database/database.go:37
[0m[33m[2.257ms] [34;1m[rows:1][0m SELECT SCHEMA_NAME from Information_schema.SCHEMATA where SCHEMA_NAME LIKE 'stridemoor%' ORDER BY SCHEMA_NAME='stridemoor' DESC,SCHEMA_NAME limit 1

2026/04/30 15:17:24 [32mD:/AI/StrideMoor/backend/pkg/database/database.go:37
[0m[33m[2.853ms] [34;1m[rows:-][0m SELECT count(*) FROM information_schema.statistics WHERE table_schema = 'stridemoor' AND table_name = 'post_comments' AND index_name = 'idx_comment_user'

2026/04/30 15:17:24 [32mD:/AI/StrideMoor/backend/pkg/database/database.go:37
[0m[33m[1.121ms] [34;1m[rows:-][0m SELECT DATABASE()

2026/04/30 15:17:24 [32mD:/AI/StrideMoor/backend/pkg/database/database.go:37
[0m[33m[2.167ms] [34;1m[rows:1][0m SELECT SCHEMA_NAME from Information_schema.SCHEMATA where SCHEMA_NAME LIKE 'stridemoor%' ORDER BY SCHEMA_NAME='stridemoor' DESC,SCHEMA_NAME limit 1

2026/04/30 15:17:24 [32mD:/AI/StrideMoor/backend/pkg/database/database.go:37
[0m[33m[3.344ms] [34;1m[rows:-][0m SELECT count(*) FROM information_schema.tables WHERE table_schema = 'stridemoor' AND table_name = 'post_likes' AND table_type = 'BASE TABLE'

2026/04/30 15:17:24 [32mD:/AI/StrideMoor/backend/pkg/database/database.go:37
[0m[33m[1.125ms] [34;1m[rows:-][0m SELECT DATABASE()

2026/04/30 15:17:24 [32mD:/AI/StrideMoor/backend/pkg/database/database.go:37
[0m[33m[2.526ms] [34;1m[rows:1][0m SELECT SCHEMA_NAME from Information_schema.SCHEMATA where SCHEMA_NAME LIKE 'stridemoor%' ORDER BY SCHEMA_NAME='stridemoor' DESC,SCHEMA_NAME limit 1

2026/04/30 15:17:24 [32mD:/AI/StrideMoor/backend/pkg/database/database.go:37
[0m[33m[1.731ms] [34;1m[rows:-][0m SELECT * FROM `post_likes` LIMIT 1

2026/04/30 15:17:24 [32mD:/AI/StrideMoor/backend/pkg/database/database.go:37
[0m[33m[2.941ms] [34;1m[rows:-][0m SELECT column_name, column_default, is_nullable = 'YES', data_type, character_maximum_length, column_type, column_key, extra, column_comment, numeric_precision, numeric_scale , datetime_precision FROM information_schema.columns WHERE table_schema = 'stridemoor' AND table_name = 'post_likes' ORDER BY ORDINAL_POSITION

2026/04/30 15:17:24 [32mD:/AI/StrideMoor/backend/pkg/database/database.go:58
[0m[33m[6.320ms] [34;1m[rows:0][0m CREATE TABLE IF NOT EXISTS route_points (
		route_id    CHAR(36) NOT NULL,
		point_index INT NOT NULL,
		latitude    DECIMAL(10,7) NOT NULL,
		longitude   DECIMAL(10,7) NOT NULL,
		altitude    DECIMAL(10,2) DEFAULT NULL,
		PRIMARY KEY (route_id, point_index),
		INDEX idx_route (route_id)
	) ENGINE=InnoDB DEFAULT CHARSET=utf8mb4 COLLATE=utf8mb4_unicode_ci
[GIN-debug] [WARNING] Creating an Engine instance with the Logger and Recovery middleware already attached.

[GIN-debug] [WARNING] Running in "debug" mode. Switch to "release" mode in production.
 - using env:	export GIN_MODE=release
 - using code:	gin.SetMode(gin.ReleaseMode)

[GIN-debug] GET    /static/*filepath         --> github.com/gin-gonic/gin.(*RouterGroup).createStaticHandler.func1 (3 handlers)
[GIN-debug] HEAD   /static/*filepath         --> github.com/gin-gonic/gin.(*RouterGroup).createStaticHandler.func1 (3 handlers)
[GIN-debug] GET    /health                   --> stridemoor-api/internal/router.SetupRouter.func1 (3 handlers)
[GIN-debug] POST   /api/v1/auth/register     --> stridemoor-api/internal/handler.(*UserHandler).Register-fm (3 handlers)
[GIN-debug] POST   /api/v1/auth/login        --> stridemoor-api/internal/handler.(*UserHandler).Login-fm (3 handlers)
[GIN-debug] POST   /api/v1/auth/refresh      --> stridemoor-api/internal/handler.(*UserHandler).RefreshToken-fm (3 handlers)
[GIN-debug] GET    /api/v1/user/profile      --> stridemoor-api/internal/handler.(*UserHandler).GetProfile-fm (4 handlers)
[GIN-debug] PUT    /api/v1/user/profile      --> stridemoor-api/internal/handler.(*UserHandler).UpdateProfile-fm (4 handlers)
[GIN-debug] PUT    /api/v1/user/password     --> stridemoor-api/internal/handler.(*UserHandler).UpdatePassword-fm (4 handlers)
[GIN-debug] POST   /api/v1/runs/start        --> stridemoor-api/internal/handler.(*RunHandler).StartRun-fm (4 handlers)
[GIN-debug] POST   /api/v1/runs/:id/samples  --> stridemoor-api/internal/handler.(*RunHandler).UploadSamples-fm (4 handlers)
[GIN-debug] POST   /api/v1/runs/:id/finish   --> stridemoor-api/internal/handler.(*RunHandler).FinishRun-fm (4 handlers)
[GIN-debug] GET    /api/v1/runs              --> stridemoor-api/internal/handler.(*RunHandler).GetRunList-fm (4 handlers)
[GIN-debug] GET    /api/v1/runs/:id          --> stridemoor-api/internal/handler.(*RunHandler).GetRunDetail-fm (4 handlers)
[GIN-debug] POST   /api/v1/runs/:id/bookmark --> stridemoor-api/internal/handler.(*RunHandler).BookmarkRun-fm (4 handlers)
[GIN-debug] DELETE /api/v1/runs/:id/bookmark --> stridemoor-api/internal/handler.(*RunHandler).UnbookmarkRun-fm (4 handlers)
[GIN-debug] GET    /api/v1/runs/bookmarks/list --> stridemoor-api/internal/handler.(*RunHandler).ListBookmarks-fm (4 handlers)
[GIN-debug] POST   /api/v1/routes            --> stridemoor-api/internal/handler.(*RouteHandler).CreateRoute-fm (4 handlers)
[GIN-debug] GET    /api/v1/routes            --> stridemoor-api/internal/handler.(*RouteHandler).ListRoutes-fm (4 handlers)
[GIN-debug] GET    /api/v1/routes/favorites  --> stridemoor-api/internal/handler.(*RouteHandler).ListFavorites-fm (4 handlers)
[GIN-debug] GET    /api/v1/routes/:id        --> stridemoor-api/internal/handler.(*RouteHandler).GetRouteDetail-fm (4 handlers)
[GIN-debug] POST   /api/v1/routes/:id/favorite --> stridemoor-api/internal/handler.(*RouteHandler).FavoriteRoute-fm (4 handlers)
[GIN-debug] DELETE /api/v1/routes/:id/favorite --> stridemoor-api/internal/handler.(*RouteHandler).UnfavoriteRoute-fm (4 handlers)
[GIN-debug] DELETE /api/v1/routes/:id        --> stridemoor-api/internal/handler.(*RouteHandler).DeleteRoute-fm (4 handlers)
[GIN-debug] GET    /api/v1/routes/:id/leaderboard --> stridemoor-api/internal/handler.(*RouteHandler).GetLeaderboard-fm (4 handlers)
[GIN-debug] POST   /api/v1/routes/:id/rate   --> stridemoor-api/internal/handler.(*RouteHandler).RateRoute-fm (4 handlers)
[GIN-debug] PUT    /api/v1/routes/:id        --> stridemoor-api/internal/handler.(*RouteHandler).UpdateRoute-fm (4 handlers)
[GIN-debug] GET    /api/v1/routes/nearby     --> stridemoor-api/internal/handler.(*RouteHandler).NearbyRoutes-fm (4 handlers)
[GIN-debug] POST   /api/v1/friends/requests  --> stridemoor-api/internal/handler.(*FriendshipHandler).SendFriendRequest-fm (4 handlers)
[GIN-debug] GET    /api/v1/friends/requests/pending --> stridemoor-api/internal/handler.(*FriendshipHandler).ListPendingRequests-fm (4 handlers)
[GIN-debug] POST   /api/v1/friends/requests/:id/accept --> stridemoor-api/internal/handler.(*FriendshipHandler).AcceptFriendRequest-fm (4 handlers)
[GIN-debug] POST   /api/v1/friends/requests/:id/reject --> stridemoor-api/internal/handler.(*FriendshipHandler).RejectFriendRequest-fm (4 handlers)
[GIN-debug] GET    /api/v1/friends           --> stridemoor-api/internal/handler.(*FriendshipHandler).ListFriends-fm (4 handlers)
[GIN-debug] DELETE /api/v1/friends/:id       --> stridemoor-api/internal/handler.(*FriendshipHandler).RemoveFriend-fm (4 handlers)
[GIN-debug] POST   /api/v1/challenges        --> stridemoor-api/internal/handler.(*ChallengeHandler).CreateChallenge-fm (4 handlers)
[GIN-debug] GET    /api/v1/challenges        --> stridemoor-api/internal/handler.(*ChallengeHandler).ListChallenges-fm (4 handlers)
[GIN-debug] GET    /api/v1/challenges/:id    --> stridemoor-api/internal/handler.(*ChallengeHandler).GetChallengeDetail-fm (4 handlers)
[GIN-debug] POST   /api/v1/challenges/:id/accept --> stridemoor-api/internal/handler.(*ChallengeHandler).AcceptChallenge-fm (4 handlers)
[GIN-debug] POST   /api/v1/challenges/:id/start --> stridemoor-api/internal/handler.(*ChallengeHandler).StartChallenge-fm (4 handlers)
[GIN-debug] POST   /api/v1/challenges/:id/complete --> stridemoor-api/internal/handler.(*ChallengeHandler).CompleteChallenge-fm (4 handlers)
[GIN-debug] POST   /api/v1/challenges/:id/cancel --> stridemoor-api/internal/handler.(*ChallengeHandler).CancelChallenge-fm (4 handlers)
[GIN-debug] GET    /api/v1/challenges/:id/comparison --> stridemoor-api/internal/handler.(*ChallengeHandler).GetComparison-fm (4 handlers)
[GIN-debug] POST   /api/v1/upload/avatar     --> stridemoor-api/internal/handler.(*UploadHandler).UploadAvatar-fm (4 handlers)
[GIN-debug] POST   /api/v1/upload/gpx        --> stridemoor-api/internal/handler.(*UploadHandler).UploadGPX-fm (4 handlers)
[GIN-debug] POST   /api/v1/users/:id/follow  --> stridemoor-api/internal/handler.(*FollowHandler).FollowUser-fm (4 handlers)
[GIN-debug] DELETE /api/v1/users/:id/follow  --> stridemoor-api/internal/handler.(*FollowHandler).UnfollowUser-fm (4 handlers)
[GIN-debug] GET    /api/v1/users/followings  --> stridemoor-api/internal/handler.(*FollowHandler).ListFollowings-fm (4 handlers)
[GIN-debug] GET    /api/v1/users/followers   --> stridemoor-api/internal/handler.(*FollowHandler).ListFollowers-fm (4 handlers)
[GIN-debug] GET    /api/v1/posts             --> stridemoor-api/internal/handler.(*PostHandler).ListPosts-fm (4 handlers)
[GIN-debug] POST   /api/v1/posts             --> stridemoor-api/internal/handler.(*PostHandler).CreatePost-fm (4 handlers)
[GIN-debug] GET    /api/v1/posts/:id         --> stridemoor-api/internal/handler.(*PostHandler).GetPostDetail-fm (4 handlers)
[GIN-debug] POST   /api/v1/posts/:id/comments --> stridemoor-api/internal/handler.(*PostHandler).CreateComment-fm (4 handlers)
[GIN-debug] GET    /api/v1/posts/:id/comments --> stridemoor-api/internal/handler.(*PostHandler).ListComments-fm (4 handlers)
[GIN-debug] POST   /api/v1/posts/:id/like    --> stridemoor-api/internal/handler.(*PostHandler).LikePost-fm (4 handlers)
[GIN-debug] DELETE /api/v1/posts/:id/like    --> stridemoor-api/internal/handler.(*PostHandler).UnlikePost-fm (4 handlers)
[GIN-debug] GET    /api/v1/user/paojing      --> stridemoor-api/internal/handler.(*PaojingHandler).GetPaojing-fm (4 handlers)
[GIN-debug] POST   /api/v1/user/paojing/check --> stridemoor-api/internal/handler.(*PaojingHandler).CheckUpgrade-fm (4 handlers)
[GIN-debug] POST   /api/v1/admin/realm/debug-set --> stridemoor-api/internal/handler.(*PaojingHandler).DebugSetRealm-fm (4 handlers)
[GIN-debug] [WARNING] You trusted all proxies, this is NOT safe. We recommend you to set a value.
Please check https://pkg.go.dev/github.com/gin-gonic/gin#readme-don-t-trust-all-proxies for details.
[GIN-debug] Listening and serving HTTP on :8080
[GIN] 2026/04/30 - 15:17:47 | 400 |            0s |       127.0.0.1 | POST     "/api/v1/auth/login"

2026/04/30 15:18:54 [32mD:/AI/StrideMoor/backend/internal/repository/user.go:26
[0m[33m[2.970ms] [34;1m[rows:1][0m SELECT * FROM `users` WHERE phone = '13800000001' ORDER BY `users`.`id` LIMIT 1
[GIN] 2026/04/30 - 15:18:54 | 200 |     88.9529ms |       127.0.0.1 | POST     "/api/v1/auth/login"

2026/04/30 15:19:02 [32mD:/AI/StrideMoor/backend/internal/repository/user.go:26
[0m[33m[2.960ms] [34;1m[rows:1][0m SELECT * FROM `users` WHERE phone = '13332995668' ORDER BY `users`.`id` LIMIT 1
[GIN] 2026/04/30 - 15:19:02 | 200 |     90.7212ms |       127.0.0.1 | POST     "/api/v1/auth/login"

2026/04/30 15:19:02 [32mD:/AI/StrideMoor/backend/internal/repository/user.go:26
[0m[33m[2.786ms] [34;1m[rows:1][0m SELECT * FROM `users` WHERE phone = '13800000001' ORDER BY `users`.`id` LIMIT 1
[GIN] 2026/04/30 - 15:19:02 | 200 |     89.2515ms |       127.0.0.1 | POST     "/api/v1/auth/login"

2026/04/30 15:19:11 [32mD:/AI/StrideMoor/backend/internal/repository/run.go:26
[0m[33m[2.217ms] [34;1m[rows:0][0m SELECT * FROM `run_splits` WHERE `run_splits`.`run_id` = '364785fc-4437-11f1-8cd0-7e09c38ef44a'

2026/04/30 15:19:11 [32mD:/AI/StrideMoor/backend/internal/repository/run.go:26
[0m[33m[5.646ms] [34;1m[rows:1][0m SELECT * FROM `runs` WHERE id = '364785fc-4437-11f1-8cd0-7e09c38ef44a' ORDER BY `runs`.`id` LIMIT 1

2026/04/30 15:19:11 [31;1mD:/AI/StrideMoor/backend/internal/repository/run.go:88 [35;1mrecord not found
[0m[33m[2.735ms] [34;1m[rows:0][0m SELECT * FROM `run_bookmarks` WHERE user_id = '44ccc87b-871f-48b0-aed5-cd1b9c21a6cb' AND run_id = '364785fc-4437-11f1-8cd0-7e09c38ef44a' ORDER BY `run_bookmarks`.`id` LIMIT 1

2026/04/30 15:19:11 [32mD:/AI/StrideMoor/backend/internal/repository/run.go:77
[0m[33m[20.147ms] [34;1m[rows:1][0m INSERT INTO `run_bookmarks` (`id`,`user_id`,`run_id`,`created_at`) VALUES ('f14e198d-e1df-4b46-b713-c382e5ada311','44ccc87b-871f-48b0-aed5-cd1b9c21a6cb','364785fc-4437-11f1-8cd0-7e09c38ef44a','2026-04-30 15:19:11.536')
[GIN] 2026/04/30 - 15:19:11 | 200 |     28.5275ms |       127.0.0.1 | POST     "/api/v1/runs/364785fc-4437-11f1-8cd0-7e09c38ef44a/bookmark"

2026/04/30 15:19:11 [31;1mD:/AI/StrideMoor/backend/internal/repository/run.go:26 [35;1mrecord not found
[0m[33m[2.933ms] [34;1m[rows:0][0m SELECT * FROM `runs` WHERE id = '6837b935-0c2b-44ac-bb42-7e9a9fde0e46' ORDER BY `runs`.`id` LIMIT 1
[GIN] 2026/04/30 - 15:19:11 | 200 |      3.5269ms |       127.0.0.1 | POST     "/api/v1/runs/6837b935-0c2b-44ac-bb42-7e9a9fde0e46/bookmark"

2026/04/30 15:21:27 [32mD:/AI/StrideMoor/backend/internal/repository/run.go:26
[0m[33m[2.221ms] [34;1m[rows:0][0m SELECT * FROM `run_splits` WHERE `run_splits`.`run_id` = '364785fc-4437-11f1-8cd0-7e09c38ef44a'

2026/04/30 15:21:27 [32mD:/AI/StrideMoor/backend/internal/repository/run.go:26
[0m[33m[5.751ms] [34;1m[rows:1][0m SELECT * FROM `runs` WHERE id = '364785fc-4437-11f1-8cd0-7e09c38ef44a' ORDER BY `runs`.`id` LIMIT 1

2026/04/30 15:21:27 [32mD:/AI/StrideMoor/backend/internal/repository/run_sample.go:31
[0m[33m[5.494ms] [34;1m[rows:400][0m SELECT * FROM `run_samples` WHERE run_id = '364785fc-4437-11f1-8cd0-7e09c38ef44a' ORDER BY sample_time ASC

2026/04/30 15:21:27 [31;1mD:/AI/StrideMoor/backend/internal/repository/challenge.go:132 [35;1mrecord not found
[0m[33m[2.207ms] [34;1m[rows:0][0m SELECT * FROM `comparisons` WHERE run_a_id = '364785fc-4437-11f1-8cd0-7e09c38ef44a' OR run_b_id = '364785fc-4437-11f1-8cd0-7e09c38ef44a' ORDER BY `comparisons`.`id` LIMIT 1
[GIN] 2026/04/30 - 15:21:27 | 200 |     15.7916ms |       127.0.0.1 | GET      "/api/v1/runs/364785fc-4437-11f1-8cd0-7e09c38ef44a"

2026/04/30 15:21:27 [32mD:/AI/StrideMoor/backend/internal/repository/run.go:26
[0m[33m[2.193ms] [34;1m[rows:4][0m SELECT * FROM `run_splits` WHERE `run_splits`.`run_id` = '3803ad88-1470-4300-9272-3204c10373c6'

2026/04/30 15:21:27 [32mD:/AI/StrideMoor/backend/internal/repository/run.go:26
[0m[33m[5.504ms] [34;1m[rows:1][0m SELECT * FROM `runs` WHERE id = '3803ad88-1470-4300-9272-3204c10373c6' ORDER BY `runs`.`id` LIMIT 1

2026/04/30 15:21:27 [32mD:/AI/StrideMoor/backend/internal/repository/run_sample.go:31
[0m[33m[3.877ms] [34;1m[rows:200][0m SELECT * FROM `run_samples` WHERE run_id = '3803ad88-1470-4300-9272-3204c10373c6' ORDER BY sample_time ASC

2026/04/30 15:21:27 [32mD:/AI/StrideMoor/backend/internal/repository/challenge.go:132
[0m[33m[2.188ms] [34;1m[rows:7][0m SELECT * FROM `run_splits` WHERE `run_splits`.`run_id` = '1f04012f-ca92-4bde-8e90-f3d9ec524b73'

2026/04/30 15:21:27 [32mD:/AI/StrideMoor/backend/internal/repository/challenge.go:132
[0m[33m[4.500ms] [34;1m[rows:1][0m SELECT * FROM `runs` WHERE `runs`.`id` = '1f04012f-ca92-4bde-8e90-f3d9ec524b73'

2026/04/30 15:21:27 [32mD:/AI/StrideMoor/backend/internal/repository/challenge.go:132
[0m[33m[2.192ms] [34;1m[rows:4][0m SELECT * FROM `run_splits` WHERE `run_splits`.`run_id` = '3803ad88-1470-4300-9272-3204c10373c6'

2026/04/30 15:21:27 [32mD:/AI/StrideMoor/backend/internal/repository/challenge.go:132
[0m[33m[4.456ms] [34;1m[rows:1][0m SELECT * FROM `runs` WHERE `runs`.`id` = '3803ad88-1470-4300-9272-3204c10373c6'

2026/04/30 15:21:27 [32mD:/AI/StrideMoor/backend/internal/repository/challenge.go:132
[0m[33m[12.771ms] [34;1m[rows:1][0m SELECT * FROM `comparisons` WHERE run_a_id = '3803ad88-1470-4300-9272-3204c10373c6' OR run_b_id = '3803ad88-1470-4300-9272-3204c10373c6' ORDER BY `comparisons`.`id` LIMIT 1

2026/04/30 15:21:27 [32mD:/AI/StrideMoor/backend/internal/repository/run.go:26
[0m[33m[2.156ms] [34;1m[rows:7][0m SELECT * FROM `run_splits` WHERE `run_splits`.`run_id` = '1f04012f-ca92-4bde-8e90-f3d9ec524b73'

2026/04/30 15:21:27 [32mD:/AI/StrideMoor/backend/internal/repository/run.go:26
[0m[33m[4.413ms] [34;1m[rows:1][0m SELECT * FROM `runs` WHERE id = '1f04012f-ca92-4bde-8e90-f3d9ec524b73' ORDER BY `runs`.`id` LIMIT 1
[GIN] 2026/04/30 - 15:21:27 | 200 |     28.2559ms |       127.0.0.1 | GET      "/api/v1/runs/3803ad88-1470-4300-9272-3204c10373c6"

2026/04/30 15:21:28 [32mD:/AI/StrideMoor/backend/internal/repository/run.go:26
[0m[33m[2.162ms] [34;1m[rows:8][0m SELECT * FROM `run_splits` WHERE `run_splits`.`run_id` = '6837b935-e949-4fd2-a896-be921eedca2d'

2026/04/30 15:21:28 [32mD:/AI/StrideMoor/backend/internal/repository/run.go:26
[0m[33m[6.375ms] [34;1m[rows:1][0m SELECT * FROM `runs` WHERE id = '6837b935-e949-4fd2-a896-be921eedca2d' ORDER BY `runs`.`id` LIMIT 1

2026/04/30 15:21:28 [32mD:/AI/StrideMoor/backend/internal/repository/run_sample.go:31
[0m[33m[6.184ms] [34;1m[rows:400][0m SELECT * FROM `run_samples` WHERE run_id = '6837b935-e949-4fd2-a896-be921eedca2d' ORDER BY sample_time ASC

2026/04/30 15:21:28 [31;1mD:/AI/StrideMoor/backend/internal/repository/challenge.go:132 [35;1mrecord not found
[0m[33m[2.240ms] [34;1m[rows:0][0m SELECT * FROM `comparisons` WHERE run_a_id = '6837b935-e949-4fd2-a896-be921eedca2d' OR run_b_id = '6837b935-e949-4fd2-a896-be921eedca2d' ORDER BY `comparisons`.`id` LIMIT 1
[GIN] 2026/04/30 - 15:21:28 | 200 |     16.0609ms |       127.0.0.1 | GET      "/api/v1/runs/6837b935-e949-4fd2-a896-be921eedca2d"

2026/04/30 15:21:45 [32mD:/AI/StrideMoor/backend/internal/repository/run.go:26
[0m[33m[2.386ms] [34;1m[rows:0][0m SELECT * FROM `run_splits` WHERE `run_splits`.`run_id` = '364785fc-4437-11f1-8cd0-7e09c38ef44a'

2026/04/30 15:21:45 [32mD:/AI/StrideMoor/backend/internal/repository/run.go:26
[0m[33m[5.176ms] [34;1m[rows:1][0m SELECT * FROM `runs` WHERE id = '364785fc-4437-11f1-8cd0-7e09c38ef44a' ORDER BY `runs`.`id` LIMIT 1

2026/04/30 15:21:45 [32mD:/AI/StrideMoor/backend/internal/repository/run_sample.go:31
[0m[33m[5.015ms] [34;1m[rows:400][0m SELECT * FROM `run_samples` WHERE run_id = '364785fc-4437-11f1-8cd0-7e09c38ef44a' ORDER BY sample_time ASC

2026/04/30 15:21:45 [31;1mD:/AI/StrideMoor/backend/internal/repository/challenge.go:132 [35;1mrecord not found
[0m[33m[2.947ms] [34;1m[rows:0][0m SELECT * FROM `comparisons` WHERE run_a_id = '364785fc-4437-11f1-8cd0-7e09c38ef44a' OR run_b_id = '364785fc-4437-11f1-8cd0-7e09c38ef44a' ORDER BY `comparisons`.`id` LIMIT 1
[GIN] 2026/04/30 - 15:21:45 | 200 |     14.3048ms |       127.0.0.1 | GET      "/api/v1/runs/364785fc-4437-11f1-8cd0-7e09c38ef44a"
[GIN] 2026/04/30 - 15:21:45 | 400 |            0s |       127.0.0.1 | POST     "/api/v1/routes"

2026/04/30 15:22:16 [32mD:/AI/StrideMoor/backend/internal/repository/run.go:26
[0m[33m[2.218ms] [34;1m[rows:0][0m SELECT * FROM `run_splits` WHERE `run_splits`.`run_id` = '364785fc-4437-11f1-8cd0-7e09c38ef44a'

2026/04/30 15:22:16 [32mD:/AI/StrideMoor/backend/internal/repository/run.go:26
[0m[33m[5.687ms] [34;1m[rows:1][0m SELECT * FROM `runs` WHERE id = '364785fc-4437-11f1-8cd0-7e09c38ef44a' ORDER BY `runs`.`id` LIMIT 1

2026/04/30 15:22:16 [32mD:/AI/StrideMoor/backend/internal/repository/run_sample.go:31
[0m[33m[5.122ms] [34;1m[rows:400][0m SELECT * FROM `run_samples` WHERE run_id = '364785fc-4437-11f1-8cd0-7e09c38ef44a' ORDER BY sample_time ASC

2026/04/30 15:22:16 [31;1mD:/AI/StrideMoor/backend/internal/repository/challenge.go:132 [35;1mrecord not found
[0m[33m[2.834ms] [34;1m[rows:0][0m SELECT * FROM `comparisons` WHERE run_a_id = '364785fc-4437-11f1-8cd0-7e09c38ef44a' OR run_b_id = '364785fc-4437-11f1-8cd0-7e09c38ef44a' ORDER BY `comparisons`.`id` LIMIT 1
[GIN] 2026/04/30 - 15:22:16 | 200 |     14.7614ms |       127.0.0.1 | GET      "/api/v1/runs/364785fc-4437-11f1-8cd0-7e09c38ef44a"
